# JRE version: OpenJDK Runtime Environment Temurin-21.0.9+10 (21.0.9+10) (build 21.0.9+10-LTS)
# Java VM: OpenJDK 64-Bit Server VM Temurin-21.0.9+10 (21.0.9+10-LTS, mixed mode, sharing, tiered, compressed oops, compressed class ptrs, parallel gc, windows-amd64)
GC Precious Log:
 CardTable entry size: 512
 CPUs: 12 total, 12 available
 Memory: 16114M
 Large Page Support: Disabled
 NUMA Support: Disabled
 Compressed Oops: Enabled (32-bit)
 Alignments: Space 512K, Generation 512K, Heap 2M
 Heap Min Capacity: 100M
 Heap Initial Capacity: 100M
 Heap Max Capacity: 2G
 Pre-touch: Disabled
 Parallel Workers: 10
Heap:
 PSYoungGen      total 15872K, used 15241K [0x00000000d5580000, 0x00000000d6680000, 0x0000000100000000)
  eden space 15360K, 95% used [0x00000000d5580000,0x00000000d63e4538,0x00000000d6480000)
  from space 512K, 98% used [0x00000000d6580000,0x00000000d65fe1a8,0x00000000d6600000)
  to   space 512K, 0% used [0x00000000d6600000,0x00000000d6600000,0x00000000d6680000)
 ParOldGen       total 68608K, used 41441K [0x0000000080000000, 0x0000000084300000, 0x00000000d5580000)
  object space 68608K, 60% used [0x0000000080000000,0x0000000082878738,0x0000000084300000)
 Metaspace       used 65879K, committed 67392K, reserved 1114112K
  class space    used 8321K, committed 8960K, reserved 1048576K
GC Heap History (20 events):
Event: 27.428 GC heap before
{Heap before GC invocations=49 (full 2):
 PSYoungGen      total 15872K, used 15584K [0x00000000d5580000, 0x00000000d6780000, 0x0000000100000000)
  eden space 15360K, 100% used [0x00000000d5580000,0x00000000d6480000,0x00000000d6480000)
  from space 512K, 43% used [0x00000000d6700000,0x00000000d6738000,0x00000000d6780000)
  to   space 1024K, 0% used [0x00000000d6580000,0x00000000d6580000,0x00000000d6680000)
 ParOldGen       total 68608K, used 44149K [0x0000000080000000, 0x0000000084300000, 0x00000000d5580000)
  object space 68608K, 64% used [0x0000000080000000,0x0000000082b1d490,0x0000000084300000)
 Metaspace       used 58292K, committed 59584K, reserved 1114112K
  class space    used 7345K, committed 7936K, reserved 1048576K
}
Event: 27.429 GC heap after
{Heap after GC invocations=49 (full 2):
 PSYoungGen      total 16384K, used 582K [0x00000000d5580000, 0x00000000d6780000, 0x0000000100000000)
  eden space 15360K, 0% used [0x00000000d5580000,0x00000000d5580000,0x00000000d6480000)
  from space 1024K, 56% used [0x00000000d6580000,0x00000000d66119f0,0x00000000d6680000)
  to   space 1024K, 0% used [0x00000000d6680000,0x00000000d6680000,0x00000000d6780000)
 ParOldGen       total 68608K, used 44305K [0x0000000080000000, 0x0000000084300000, 0x00000000d5580000)
  object space 68608K, 64% used [0x0000000080000000,0x0000000082b44648,0x0000000084300000)
 Metaspace       used 58292K, committed 59584K, reserved 1114112K
  class space    used 7345K, committed 7936K, reserved 1048576K
}
Event: 27.575 GC heap before
{Heap before GC invocations=50 (full 2):
 PSYoungGen      total 16384K, used 9864K [0x00000000d5580000, 0x00000000d6780000, 0x0000000100000000)
  eden space 15360K, 60% used [0x00000000d5580000,0x00000000d5e90650,0x00000000d6480000)
  from space 1024K, 56% used [0x00000000d6580000,0x00000000d66119f0,0x00000000d6680000)
  to   space 1024K, 0% used [0x00000000d6680000,0x00000000d6680000,0x00000000d6780000)
 ParOldGen       total 68608K, used 44305K [0x0000000080000000, 0x0000000084300000, 0x00000000d5580000)
  object space 68608K, 64% used [0x0000000080000000,0x0000000082b44648,0x0000000084300000)
 Metaspace       used 59048K, committed 60288K, reserved 1114112K
  class space    used 7450K, committed 8064K, reserved 1048576K
}
Event: 27.576 GC heap after
{Heap after GC invocations=50 (full 2):
 PSYoungGen      total 15872K, used 384K [0x00000000d5580000, 0x00000000d6700000, 0x0000000100000000)
  eden space 15360K, 0% used [0x00000000d5580000,0x00000000d5580000,0x00000000d6480000)
  from space 512K, 75% used [0x00000000d6680000,0x00000000d66e0000,0x00000000d6700000)
  to   space 512K, 0% used [0x00000000d6600000,0x00000000d6600000,0x00000000d6680000)
 ParOldGen       total 68608K, used 44385K [0x0000000080000000, 0x0000000084300000, 0x00000000d5580000)
  object space 68608K, 64% used [0x0000000080000000,0x0000000082b58658,0x0000000084300000)
 Metaspace       used 59048K, committed 60288K, reserved 1114112K
  class space    used 7450K, committed 8064K, reserved 1048576K
}
Event: 27.576 GC heap before
{Heap before GC invocations=51 (full 3):
 PSYoungGen      total 15872K, used 384K [0x00000000d5580000, 0x00000000d6700000, 0x0000000100000000)
  eden space 15360K, 0% used [0x00000000d5580000,0x00000000d5580000,0x00000000d6480000)
  from space 512K, 75% used [0x00000000d6680000,0x00000000d66e0000,0x00000000d6700000)
  to   space 512K, 0% used [0x00000000d6600000,0x00000000d6600000,0x00000000d6680000)
 ParOldGen       total 68608K, used 44385K [0x0000000080000000, 0x0000000084300000, 0x00000000d5580000)
  object space 68608K, 64% used [0x0000000080000000,0x0000000082b58658,0x0000000084300000)
 Metaspace       used 59048K, committed 60288K, reserved 1114112K
  class space    used 7450K, committed 8064K, reserved 1048576K
}
Event: 27.627 GC heap after
{Heap after GC invocations=51 (full 3):
 PSYoungGen      total 15872K, used 0K [0x00000000d5580000, 0x00000000d6700000, 0x0000000100000000)
  eden space 15360K, 0% used [0x00000000d5580000,0x00000000d5580000,0x00000000d6480000)
  from space 512K, 0% used [0x00000000d6680000,0x00000000d6680000,0x00000000d6700000)
  to   space 512K, 0% used [0x00000000d6600000,0x00000000d6600000,0x00000000d6680000)
 ParOldGen       total 68608K, used 38386K [0x0000000080000000, 0x0000000084300000, 0x00000000d5580000)
  object space 68608K, 55% used [0x0000000080000000,0x000000008257ca10,0x0000000084300000)
 Metaspace       used 59048K, committed 60288K, reserved 1114112K
  class space    used 7450K, committed 8064K, reserved 1048576K
}
Event: 27.863 GC heap before
{Heap before GC invocations=52 (full 3):
 PSYoungGen      total 15872K, used 15360K [0x00000000d5580000, 0x00000000d6700000, 0x0000000100000000)
  eden space 15360K, 100% used [0x00000000d5580000,0x00000000d6480000,0x00000000d6480000)
  from space 512K, 0% used [0x00000000d6680000,0x00000000d6680000,0x00000000d6700000)
  to   space 512K, 0% used [0x00000000d6600000,0x00000000d6600000,0x00000000d6680000)
 ParOldGen       total 68608K, used 38386K [0x0000000080000000, 0x0000000084300000, 0x00000000d5580000)
  object space 68608K, 55% used [0x0000000080000000,0x000000008257ca10,0x0000000084300000)
 Metaspace       used 60670K, committed 62080K, reserved 1114112K
  class space    used 7718K, committed 8384K, reserved 1048576K
}
Event: 27.864 GC heap after
{Heap after GC invocations=52 (full 3):
 PSYoungGen      total 15872K, used 512K [0x00000000d5580000, 0x00000000d6700000, 0x0000000100000000)
  eden space 15360K, 0% used [0x00000000d5580000,0x00000000d5580000,0x00000000d6480000)
  from space 512K, 100% used [0x00000000d6600000,0x00000000d6680000,0x00000000d6680000)
  to   space 512K, 0% used [0x00000000d6680000,0x00000000d6680000,0x00000000d6700000)
 ParOldGen       total 68608K, used 38590K [0x0000000080000000, 0x0000000084300000, 0x00000000d5580000)
  object space 68608K, 56% used [0x0000000080000000,0x00000000825afa20,0x0000000084300000)
 Metaspace       used 60670K, committed 62080K, reserved 1114112K
  class space    used 7718K, committed 8384K, reserved 1048576K
}
Event: 31.683 GC heap before
{Heap before GC invocations=53 (full 3):
 PSYoungGen      total 15872K, used 15872K [0x00000000d5580000, 0x00000000d6700000, 0x0000000100000000)
  eden space 15360K, 100% used [0x00000000d5580000,0x00000000d6480000,0x00000000d6480000)
  from space 512K, 100% used [0x00000000d6600000,0x00000000d6680000,0x00000000d6680000)
  to   space 512K, 0% used [0x00000000d6680000,0x00000000d6680000,0x00000000d6700000)
 ParOldGen       total 68608K, used 38590K [0x0000000080000000, 0x0000000084300000, 0x00000000d5580000)
  object space 68608K, 56% used [0x0000000080000000,0x00000000825afa20,0x0000000084300000)
 Metaspace       used 62256K, committed 63552K, reserved 1114112K
  class space    used 7915K, committed 8512K, reserved 1048576K
}
Event: 31.684 GC heap after
{Heap after GC invocations=53 (full 3):
 PSYoungGen      total 15872K, used 480K [0x00000000d5580000, 0x00000000d6780000, 0x0000000100000000)
  eden space 15360K, 0% used [0x00000000d5580000,0x00000000d5580000,0x00000000d6480000)
  from space 512K, 93% used [0x00000000d6680000,0x00000000d66f8020,0x00000000d6700000)
  to   space 1536K, 0% used [0x00000000d6480000,0x00000000d6480000,0x00000000d6600000)
 ParOldGen       total 68608K, used 39423K [0x0000000080000000, 0x0000000084300000, 0x00000000d5580000)
  object space 68608K, 57% used [0x0000000080000000,0x000000008267ff78,0x0000000084300000)
 Metaspace       used 62256K, committed 63552K, reserved 1114112K
  class space    used 7915K, committed 8512K, reserved 1048576K
}
Event: 41.297 GC heap before
{Heap before GC invocations=54 (full 3):
 PSYoungGen      total 15872K, used 15840K [0x00000000d5580000, 0x00000000d6780000, 0x0000000100000000)
  eden space 15360K, 100% used [0x00000000d5580000,0x00000000d6480000,0x00000000d6480000)
  from space 512K, 93% used [0x00000000d6680000,0x00000000d66f8020,0x00000000d6700000)
  to   space 1536K, 0% used [0x00000000d6480000,0x00000000d6480000,0x00000000d6600000)
 ParOldGen       total 68608K, used 39423K [0x0000000080000000, 0x0000000084300000, 0x00000000d5580000)
  object space 68608K, 57% used [0x0000000080000000,0x000000008267ff78,0x0000000084300000)
 Metaspace       used 62903K, committed 64320K, reserved 1114112K
  class space    used 7983K, committed 8640K, reserved 1048576K
}
Event: 41.300 GC heap after
{Heap after GC invocations=54 (full 3):
 PSYoungGen      total 16896K, used 1216K [0x00000000d5580000, 0x00000000d6780000, 0x0000000100000000)
  eden space 15360K, 0% used [0x00000000d5580000,0x00000000d5580000,0x00000000d6480000)
  from space 1536K, 79% used [0x00000000d6480000,0x00000000d65b0020,0x00000000d6600000)
  to   space 1536K, 0% used [0x00000000d6600000,0x00000000d6600000,0x00000000d6780000)
 ParOldGen       total 68608K, used 39859K [0x0000000080000000, 0x0000000084300000, 0x00000000d5580000)
  object space 68608K, 58% used [0x0000000080000000,0x00000000826ecfb8,0x0000000084300000)
 Metaspace       used 62903K, committed 64320K, reserved 1114112K
  class space    used 7983K, committed 8640K, reserved 1048576K
}
Event: 41.623 GC heap before
{Heap before GC invocations=55 (full 3):
 PSYoungGen      total 16896K, used 16574K [0x00000000d5580000, 0x00000000d6780000, 0x0000000100000000)
  eden space 15360K, 99% used [0x00000000d5580000,0x00000000d647faa0,0x00000000d6480000)
  from space 1536K, 79% used [0x00000000d6480000,0x00000000d65b0020,0x00000000d6600000)
  to   space 1536K, 0% used [0x00000000d6600000,0x00000000d6600000,0x00000000d6780000)
 ParOldGen       total 68608K, used 39859K [0x0000000080000000, 0x0000000084300000, 0x00000000d5580000)
  object space 68608K, 58% used [0x0000000080000000,0x00000000826ecfb8,0x0000000084300000)
 Metaspace       used 63836K, committed 65280K, reserved 1114112K
  class space    used 8093K, committed 8768K, reserved 1048576K
}
Event: 41.624 GC heap after
{Heap after GC invocations=55 (full 3):
 PSYoungGen      total 16384K, used 720K [0x00000000d5580000, 0x00000000d6700000, 0x0000000100000000)
  eden space 15360K, 0% used [0x00000000d5580000,0x00000000d5580000,0x00000000d6480000)
  from space 1024K, 70% used [0x00000000d6600000,0x00000000d66b4020,0x00000000d6700000)
  to   space 1024K, 0% used [0x00000000d6500000,0x00000000d6500000,0x00000000d6600000)
 ParOldGen       total 68608K, used 40771K [0x0000000080000000, 0x0000000084300000, 0x00000000d5580000)
  object space 68608K, 59% used [0x0000000080000000,0x00000000827d0fc8,0x0000000084300000)
 Metaspace       used 63836K, committed 65280K, reserved 1114112K
  class space    used 8093K, committed 8768K, reserved 1048576K
}
Event: 41.911 GC heap before
{Heap before GC invocations=56 (full 3):
 PSYoungGen      total 16384K, used 16080K [0x00000000d5580000, 0x00000000d6700000, 0x0000000100000000)
  eden space 15360K, 100% used [0x00000000d5580000,0x00000000d6480000,0x00000000d6480000)
  from space 1024K, 70% used [0x00000000d6600000,0x00000000d66b4020,0x00000000d6700000)
  to   space 1024K, 0% used [0x00000000d6500000,0x00000000d6500000,0x00000000d6600000)
 ParOldGen       total 68608K, used 40771K [0x0000000080000000, 0x0000000084300000, 0x00000000d5580000)
  object space 68608K, 59% used [0x0000000080000000,0x00000000827d0fc8,0x0000000084300000)
 Metaspace       used 63868K, committed 65344K, reserved 1114112K
  class space    used 8095K, committed 8768K, reserved 1048576K
}
Event: 41.912 GC heap after
{Heap after GC invocations=56 (full 3):
 PSYoungGen      total 16384K, used 320K [0x00000000d5580000, 0x00000000d6680000, 0x0000000100000000)
  eden space 15360K, 0% used [0x00000000d5580000,0x00000000d5580000,0x00000000d6480000)
  from space 1024K, 31% used [0x00000000d6500000,0x00000000d6550000,0x00000000d6600000)
  to   space 512K, 0% used [0x00000000d6600000,0x00000000d6600000,0x00000000d6680000)
 ParOldGen       total 68608K, used 41249K [0x0000000080000000, 0x0000000084300000, 0x00000000d5580000)
  object space 68608K, 60% used [0x0000000080000000,0x0000000082848728,0x0000000084300000)
 Metaspace       used 63868K, committed 65344K, reserved 1114112K
  class space    used 8095K, committed 8768K, reserved 1048576K
}
Event: 42.472 GC heap before
{Heap before GC invocations=57 (full 3):
 PSYoungGen      total 16384K, used 15680K [0x00000000d5580000, 0x00000000d6680000, 0x0000000100000000)
  eden space 15360K, 100% used [0x00000000d5580000,0x00000000d6480000,0x00000000d6480000)
  from space 1024K, 31% used [0x00000000d6500000,0x00000000d6550000,0x00000000d6600000)
  to   space 512K, 0% used [0x00000000d6600000,0x00000000d6600000,0x00000000d6680000)
 ParOldGen       total 68608K, used 41249K [0x0000000080000000, 0x0000000084300000, 0x00000000d5580000)
  object space 68608K, 60% used [0x0000000080000000,0x0000000082848728,0x0000000084300000)
 Metaspace       used 63959K, committed 65472K, reserved 1114112K
  class space    used 8096K, committed 8832K, reserved 1048576K
}
Event: 42.473 GC heap after
{Heap after GC invocations=57 (full 3):
 PSYoungGen      total 15872K, used 471K [0x00000000d5580000, 0x00000000d6680000, 0x0000000100000000)
  eden space 15360K, 0% used [0x00000000d5580000,0x00000000d5580000,0x00000000d6480000)
  from space 512K, 92% used [0x00000000d6600000,0x00000000d6675e20,0x00000000d6680000)
  to   space 512K, 0% used [0x00000000d6580000,0x00000000d6580000,0x00000000d6600000)
 ParOldGen       total 68608K, used 41321K [0x0000000080000000, 0x0000000084300000, 0x00000000d5580000)
  object space 68608K, 60% used [0x0000000080000000,0x000000008285a728,0x0000000084300000)
 Metaspace       used 63959K, committed 65472K, reserved 1114112K
  class space    used 8096K, committed 8832K, reserved 1048576K
}
Event: 43.185 GC heap before
{Heap before GC invocations=58 (full 3):
 PSYoungGen      total 15872K, used 15831K [0x00000000d5580000, 0x00000000d6680000, 0x0000000100000000)
  eden space 15360K, 100% used [0x00000000d5580000,0x00000000d6480000,0x00000000d6480000)
  from space 512K, 92% used [0x00000000d6600000,0x00000000d6675e20,0x00000000d6680000)
  to   space 512K, 0% used [0x00000000d6580000,0x00000000d6580000,0x00000000d6600000)
 ParOldGen       total 68608K, used 41321K [0x0000000080000000, 0x0000000084300000, 0x00000000d5580000)
  object space 68608K, 60% used [0x0000000080000000,0x000000008285a728,0x0000000084300000)
 Metaspace       used 64371K, committed 65856K, reserved 1114112K
  class space    used 8141K, committed 8832K, reserved 1048576K
}
Event: 43.186 GC heap after
{Heap after GC invocations=58 (full 3):
 PSYoungGen      total 15872K, used 504K [0x00000000d5580000, 0x00000000d6680000, 0x0000000100000000)
  eden space 15360K, 0% used [0x00000000d5580000,0x00000000d5580000,0x00000000d6480000)
  from space 512K, 98% used [0x00000000d6580000,0x00000000d65fe1a8,0x00000000d6600000)
  to   space 512K, 0% used [0x00000000d6600000,0x00000000d6600000,0x00000000d6680000)
 ParOldGen       total 68608K, used 41441K [0x0000000080000000, 0x0000000084300000, 0x00000000d5580000)
  object space 68608K, 60% used [0x0000000080000000,0x0000000082878738,0x0000000084300000)
 Metaspace       used 64371K, committed 65856K, reserved 1114112K
  class space    used 8141K, committed 8832K, reserved 1048576K
}

