# JRE version: OpenJDK Runtime Environment Temurin-21.0.9+10 (21.0.9+10) (build 21.0.9+10-LTS)
# Java VM: OpenJDK 64-Bit Server VM Temurin-21.0.9+10 (21.0.9+10-LTS, mixed mode, sharing, tiered, compressed oops, compressed class ptrs, parallel gc, windows-amd64)
GC Precious Log:
 CardTable entry size: 512
 CPUs: 12 total, 12 available
 Memory: 16114M
 Large Page Support: Disabled
 NUMA Support: Disabled
 Compressed Oops: Enabled (32-bit)
 Alignments: Space 512K, Generation 512K, Heap 2M
 Heap Min Capacity: 100M
 Heap Initial Capacity: 100M
 Heap Max Capacity: 2G
 Pre-touch: Disabled
 Parallel Workers: 10
Heap:
 PSYoungGen      total 24064K, used 9529K [0x00000000d5580000, 0x00000000d7280000, 0x0000000100000000)
  eden space 22528K, 35% used [0x00000000d5580000,0x00000000d5d59390,0x00000000d6b80000)
  from space 1536K, 97% used [0x00000000d7100000,0x00000000d7275120,0x00000000d7280000)
  to   space 1536K, 0% used [0x00000000d6f80000,0x00000000d6f80000,0x00000000d7100000)
 ParOldGen       total 68608K, used 16874K [0x0000000080000000, 0x0000000084300000, 0x00000000d5580000)
  object space 68608K, 24% used [0x0000000080000000,0x000000008107a8b8,0x0000000084300000)
 Metaspace       used 31041K, committed 32064K, reserved 1114112K
  class space    used 3054K, committed 3520K, reserved 1048576K
GC Heap History (20 events):
Event: 1.879 GC heap before
{Heap before GC invocations=4 (full 0):
 PSYoungGen      total 29696K, used 29682K [0x00000000d5580000, 0x00000000d7680000, 0x0000000100000000)
  eden space 25600K, 100% used [0x00000000d5580000,0x00000000d6e80000,0x00000000d6e80000)
  from space 4096K, 99% used [0x00000000d6e80000,0x00000000d727ca10,0x00000000d7280000)
  to   space 4096K, 0% used [0x00000000d7280000,0x00000000d7280000,0x00000000d7680000)
 ParOldGen       total 68608K, used 5146K [0x0000000080000000, 0x0000000084300000, 0x00000000d5580000)
  object space 68608K, 7% used [0x0000000080000000,0x0000000080506920,0x0000000084300000)
 Metaspace       used 12194K, committed 12608K, reserved 1114112K
  class space    used 1302K, committed 1472K, reserved 1048576K
}
Event: 1.882 GC heap after
{Heap after GC invocations=4 (full 0):
 PSYoungGen      total 29696K, used 4094K [0x00000000d5580000, 0x00000000d7680000, 0x0000000100000000)
  eden space 25600K, 0% used [0x00000000d5580000,0x00000000d5580000,0x00000000d6e80000)
  from space 4096K, 99% used [0x00000000d7280000,0x00000000d767fad8,0x00000000d7680000)
  to   space 4096K, 0% used [0x00000000d6e80000,0x00000000d6e80000,0x00000000d7280000)
 ParOldGen       total 68608K, used 6284K [0x0000000080000000, 0x0000000084300000, 0x00000000d5580000)
  object space 68608K, 9% used [0x0000000080000000,0x00000000806232b8,0x0000000084300000)
 Metaspace       used 12194K, committed 12608K, reserved 1114112K
  class space    used 1302K, committed 1472K, reserved 1048576K
}
Event: 2.169 GC heap before
{Heap before GC invocations=5 (full 0):
 PSYoungGen      total 29696K, used 29482K [0x00000000d5580000, 0x00000000d7680000, 0x0000000100000000)
  eden space 25600K, 99% used [0x00000000d5580000,0x00000000d6e4b0d0,0x00000000d6e80000)
  from space 4096K, 99% used [0x00000000d7280000,0x00000000d767fad8,0x00000000d7680000)
  to   space 4096K, 0% used [0x00000000d6e80000,0x00000000d6e80000,0x00000000d7280000)
 ParOldGen       total 68608K, used 6284K [0x0000000080000000, 0x0000000084300000, 0x00000000d5580000)
  object space 68608K, 9% used [0x0000000080000000,0x00000000806232b8,0x0000000084300000)
 Metaspace       used 15391K, committed 15936K, reserved 1114112K
  class space    used 1600K, committed 1856K, reserved 1048576K
}
Event: 2.171 GC heap after
{Heap after GC invocations=5 (full 0):
 PSYoungGen      total 29184K, used 4085K [0x00000000d5580000, 0x00000000d7b00000, 0x0000000100000000)
  eden space 25088K, 0% used [0x00000000d5580000,0x00000000d5580000,0x00000000d6e00000)
  from space 4096K, 99% used [0x00000000d6e80000,0x00000000d727d778,0x00000000d7280000)
  to   space 6656K, 0% used [0x00000000d7480000,0x00000000d7480000,0x00000000d7b00000)
 ParOldGen       total 68608K, used 8273K [0x0000000080000000, 0x0000000084300000, 0x00000000d5580000)
  object space 68608K, 12% used [0x0000000080000000,0x0000000080814440,0x0000000084300000)
 Metaspace       used 15391K, committed 15936K, reserved 1114112K
  class space    used 1600K, committed 1856K, reserved 1048576K
}
Event: 2.528 GC heap before
{Heap before GC invocations=6 (full 0):
 PSYoungGen      total 29184K, used 29173K [0x00000000d5580000, 0x00000000d7b00000, 0x0000000100000000)
  eden space 25088K, 100% used [0x00000000d5580000,0x00000000d6e00000,0x00000000d6e00000)
  from space 4096K, 99% used [0x00000000d6e80000,0x00000000d727d778,0x00000000d7280000)
  to   space 6656K, 0% used [0x00000000d7480000,0x00000000d7480000,0x00000000d7b00000)
 ParOldGen       total 68608K, used 8273K [0x0000000080000000, 0x0000000084300000, 0x00000000d5580000)
  object space 68608K, 12% used [0x0000000080000000,0x0000000080814440,0x0000000084300000)
 Metaspace       used 18297K, committed 19072K, reserved 1114112K
  class space    used 1927K, committed 2240K, reserved 1048576K
}
Event: 2.532 GC heap after
{Heap after GC invocations=6 (full 0):
 PSYoungGen      total 30720K, used 5678K [0x00000000d5580000, 0x00000000d7a80000, 0x0000000100000000)
  eden space 24576K, 0% used [0x00000000d5580000,0x00000000d5580000,0x00000000d6d80000)
  from space 6144K, 92% used [0x00000000d7480000,0x00000000d7a0bab0,0x00000000d7a80000)
  to   space 6144K, 0% used [0x00000000d6e80000,0x00000000d6e80000,0x00000000d7480000)
 ParOldGen       total 68608K, used 8281K [0x0000000080000000, 0x0000000084300000, 0x00000000d5580000)
  object space 68608K, 12% used [0x0000000080000000,0x0000000080816440,0x0000000084300000)
 Metaspace       used 18297K, committed 19072K, reserved 1114112K
  class space    used 1927K, committed 2240K, reserved 1048576K
}
Event: 2.733 GC heap before
{Heap before GC invocations=7 (full 0):
 PSYoungGen      total 30720K, used 29910K [0x00000000d5580000, 0x00000000d7a80000, 0x0000000100000000)
  eden space 24576K, 98% used [0x00000000d5580000,0x00000000d6d29fc0,0x00000000d6d80000)
  from space 6144K, 92% used [0x00000000d7480000,0x00000000d7a0bab0,0x00000000d7a80000)
  to   space 6144K, 0% used [0x00000000d6e80000,0x00000000d6e80000,0x00000000d7480000)
 ParOldGen       total 68608K, used 8281K [0x0000000080000000, 0x0000000084300000, 0x00000000d5580000)
  object space 68608K, 12% used [0x0000000080000000,0x0000000080816440,0x0000000084300000)
 Metaspace       used 20686K, committed 21504K, reserved 1114112K
  class space    used 2195K, committed 2560K, reserved 1048576K
}
Event: 2.736 GC heap after
{Heap after GC invocations=7 (full 0):
 PSYoungGen      total 29696K, used 4779K [0x00000000d5580000, 0x00000000d7880000, 0x0000000100000000)
  eden space 24576K, 0% used [0x00000000d5580000,0x00000000d5580000,0x00000000d6d80000)
  from space 5120K, 93% used [0x00000000d6e80000,0x00000000d732af08,0x00000000d7380000)
  to   space 5120K, 0% used [0x00000000d7380000,0x00000000d7380000,0x00000000d7880000)
 ParOldGen       total 68608K, used 9755K [0x0000000080000000, 0x0000000084300000, 0x00000000d5580000)
  object space 68608K, 14% used [0x0000000080000000,0x0000000080986cf0,0x0000000084300000)
 Metaspace       used 20686K, committed 21504K, reserved 1114112K
  class space    used 2195K, committed 2560K, reserved 1048576K
}
Event: 2.736 GC heap before
{Heap before GC invocations=8 (full 1):
 PSYoungGen      total 29696K, used 4779K [0x00000000d5580000, 0x00000000d7880000, 0x0000000100000000)
  eden space 24576K, 0% used [0x00000000d5580000,0x00000000d5580000,0x00000000d6d80000)
  from space 5120K, 93% used [0x00000000d6e80000,0x00000000d732af08,0x00000000d7380000)
  to   space 5120K, 0% used [0x00000000d7380000,0x00000000d7380000,0x00000000d7880000)
 ParOldGen       total 68608K, used 9755K [0x0000000080000000, 0x0000000084300000, 0x00000000d5580000)
  object space 68608K, 14% used [0x0000000080000000,0x0000000080986cf0,0x0000000084300000)
 Metaspace       used 20686K, committed 21504K, reserved 1114112K
  class space    used 2195K, committed 2560K, reserved 1048576K
}
Event: 2.756 GC heap after
{Heap after GC invocations=8 (full 1):
 PSYoungGen      total 29696K, used 0K [0x00000000d5580000, 0x00000000d7880000, 0x0000000100000000)
  eden space 24576K, 0% used [0x00000000d5580000,0x00000000d5580000,0x00000000d6d80000)
  from space 5120K, 0% used [0x00000000d6e80000,0x00000000d6e80000,0x00000000d7380000)
  to   space 5120K, 0% used [0x00000000d7380000,0x00000000d7380000,0x00000000d7880000)
 ParOldGen       total 68608K, used 13522K [0x0000000080000000, 0x0000000084300000, 0x00000000d5580000)
  object space 68608K, 19% used [0x0000000080000000,0x0000000080d34bb0,0x0000000084300000)
 Metaspace       used 20673K, committed 21504K, reserved 1114112K
  class space    used 2191K, committed 2560K, reserved 1048576K
}
Event: 2.889 GC heap before
{Heap before GC invocations=9 (full 1):
 PSYoungGen      total 29696K, used 24576K [0x00000000d5580000, 0x00000000d7880000, 0x0000000100000000)
  eden space 24576K, 100% used [0x00000000d5580000,0x00000000d6d80000,0x00000000d6d80000)
  from space 5120K, 0% used [0x00000000d6e80000,0x00000000d6e80000,0x00000000d7380000)
  to   space 5120K, 0% used [0x00000000d7380000,0x00000000d7380000,0x00000000d7880000)
 ParOldGen       total 68608K, used 13522K [0x0000000080000000, 0x0000000084300000, 0x00000000d5580000)
  object space 68608K, 19% used [0x0000000080000000,0x0000000080d34bb0,0x0000000084300000)
 Metaspace       used 22675K, committed 23552K, reserved 1114112K
  class space    used 2333K, committed 2688K, reserved 1048576K
}
Event: 2.890 GC heap after
{Heap after GC invocations=9 (full 1):
 PSYoungGen      total 25600K, used 1284K [0x00000000d5580000, 0x00000000d7500000, 0x0000000100000000)
  eden space 24064K, 0% used [0x00000000d5580000,0x00000000d5580000,0x00000000d6d00000)
  from space 1536K, 83% used [0x00000000d7380000,0x00000000d74c12c8,0x00000000d7500000)
  to   space 3072K, 0% used [0x00000000d6f00000,0x00000000d6f00000,0x00000000d7200000)
 ParOldGen       total 68608K, used 13530K [0x0000000080000000, 0x0000000084300000, 0x00000000d5580000)
  object space 68608K, 19% used [0x0000000080000000,0x0000000080d36bb0,0x0000000084300000)
 Metaspace       used 22675K, committed 23552K, reserved 1114112K
  class space    used 2333K, committed 2688K, reserved 1048576K
}
Event: 3.043 GC heap before
{Heap before GC invocations=10 (full 1):
 PSYoungGen      total 25600K, used 25348K [0x00000000d5580000, 0x00000000d7500000, 0x0000000100000000)
  eden space 24064K, 100% used [0x00000000d5580000,0x00000000d6d00000,0x00000000d6d00000)
  from space 1536K, 83% used [0x00000000d7380000,0x00000000d74c12c8,0x00000000d7500000)
  to   space 3072K, 0% used [0x00000000d6f00000,0x00000000d6f00000,0x00000000d7200000)
 ParOldGen       total 68608K, used 13530K [0x0000000080000000, 0x0000000084300000, 0x00000000d5580000)
  object space 68608K, 19% used [0x0000000080000000,0x0000000080d36bb0,0x0000000084300000)
 Metaspace       used 25625K, committed 26432K, reserved 1114112K
  class space    used 2542K, committed 2880K, reserved 1048576K
}
Event: 3.044 GC heap after
{Heap after GC invocations=10 (full 1):
 PSYoungGen      total 26624K, used 2773K [0x00000000d5580000, 0x00000000d7400000, 0x0000000100000000)
  eden space 23552K, 0% used [0x00000000d5580000,0x00000000d5580000,0x00000000d6c80000)
  from space 3072K, 90% used [0x00000000d6f00000,0x00000000d71b57d0,0x00000000d7200000)
  to   space 2048K, 0% used [0x00000000d7200000,0x00000000d7200000,0x00000000d7400000)
 ParOldGen       total 68608K, used 13538K [0x0000000080000000, 0x0000000084300000, 0x00000000d5580000)
  object space 68608K, 19% used [0x0000000080000000,0x0000000080d38bb0,0x0000000084300000)
 Metaspace       used 25625K, committed 26432K, reserved 1114112K
  class space    used 2542K, committed 2880K, reserved 1048576K
}
Event: 3.134 GC heap before
{Heap before GC invocations=11 (full 1):
 PSYoungGen      total 26624K, used 26325K [0x00000000d5580000, 0x00000000d7400000, 0x0000000100000000)
  eden space 23552K, 100% used [0x00000000d5580000,0x00000000d6c80000,0x00000000d6c80000)
  from space 3072K, 90% used [0x00000000d6f00000,0x00000000d71b57d0,0x00000000d7200000)
  to   space 2048K, 0% used [0x00000000d7200000,0x00000000d7200000,0x00000000d7400000)
 ParOldGen       total 68608K, used 13538K [0x0000000080000000, 0x0000000084300000, 0x00000000d5580000)
  object space 68608K, 19% used [0x0000000080000000,0x0000000080d38bb0,0x0000000084300000)
 Metaspace       used 26804K, committed 27584K, reserved 1114112K
  class space    used 2609K, committed 2944K, reserved 1048576K
}
Event: 3.135 GC heap after
{Heap after GC invocations=11 (full 1):
 PSYoungGen      total 24576K, used 1339K [0x00000000d5580000, 0x00000000d7380000, 0x0000000100000000)
  eden space 23040K, 0% used [0x00000000d5580000,0x00000000d5580000,0x00000000d6c00000)
  from space 1536K, 87% used [0x00000000d7200000,0x00000000d734eda0,0x00000000d7380000)
  to   space 2048K, 0% used [0x00000000d6f80000,0x00000000d6f80000,0x00000000d7180000)
 ParOldGen       total 68608K, used 14812K [0x0000000080000000, 0x0000000084300000, 0x00000000d5580000)
  object space 68608K, 21% used [0x0000000080000000,0x0000000080e77008,0x0000000084300000)
 Metaspace       used 26804K, committed 27584K, reserved 1114112K
  class space    used 2609K, committed 2944K, reserved 1048576K
}
Event: 3.307 GC heap before
{Heap before GC invocations=12 (full 1):
 PSYoungGen      total 24576K, used 24379K [0x00000000d5580000, 0x00000000d7380000, 0x0000000100000000)
  eden space 23040K, 100% used [0x00000000d5580000,0x00000000d6c00000,0x00000000d6c00000)
  from space 1536K, 87% used [0x00000000d7200000,0x00000000d734eda0,0x00000000d7380000)
  to   space 2048K, 0% used [0x00000000d6f80000,0x00000000d6f80000,0x00000000d7180000)
 ParOldGen       total 68608K, used 14812K [0x0000000080000000, 0x0000000084300000, 0x00000000d5580000)
  object space 68608K, 21% used [0x0000000080000000,0x0000000080e77008,0x0000000084300000)
 Metaspace       used 28256K, committed 29184K, reserved 1114112K
  class space    used 2725K, committed 3136K, reserved 1048576K
}
Event: 3.308 GC heap after
{Heap after GC invocations=12 (full 1):
 PSYoungGen      total 24064K, used 1320K [0x00000000d5580000, 0x00000000d7280000, 0x0000000100000000)
  eden space 22528K, 0% used [0x00000000d5580000,0x00000000d5580000,0x00000000d6b80000)
  from space 1536K, 86% used [0x00000000d6f80000,0x00000000d70ca3f0,0x00000000d7100000)
  to   space 1536K, 0% used [0x00000000d7100000,0x00000000d7100000,0x00000000d7280000)
 ParOldGen       total 68608K, used 15971K [0x0000000080000000, 0x0000000084300000, 0x00000000d5580000)
  object space 68608K, 23% used [0x0000000080000000,0x0000000080f98e20,0x0000000084300000)
 Metaspace       used 28256K, committed 29184K, reserved 1114112K
  class space    used 2725K, committed 3136K, reserved 1048576K
}
Event: 3.478 GC heap before
{Heap before GC invocations=13 (full 1):
 PSYoungGen      total 24064K, used 23848K [0x00000000d5580000, 0x00000000d7280000, 0x0000000100000000)
  eden space 22528K, 100% used [0x00000000d5580000,0x00000000d6b80000,0x00000000d6b80000)
  from space 1536K, 86% used [0x00000000d6f80000,0x00000000d70ca3f0,0x00000000d7100000)
  to   space 1536K, 0% used [0x00000000d7100000,0x00000000d7100000,0x00000000d7280000)
 ParOldGen       total 68608K, used 15971K [0x0000000080000000, 0x0000000084300000, 0x00000000d5580000)
  object space 68608K, 23% used [0x0000000080000000,0x0000000080f98e80,0x0000000084300000)
 Metaspace       used 30485K, committed 31488K, reserved 1114112K
  class space    used 2995K, committed 3456K, reserved 1048576K
}
Event: 3.479 GC heap after
{Heap after GC invocations=13 (full 1):
 PSYoungGen      total 24064K, used 1492K [0x00000000d5580000, 0x00000000d7280000, 0x0000000100000000)
  eden space 22528K, 0% used [0x00000000d5580000,0x00000000d5580000,0x00000000d6b80000)
  from space 1536K, 97% used [0x00000000d7100000,0x00000000d7275120,0x00000000d7280000)
  to   space 1536K, 0% used [0x00000000d6f80000,0x00000000d6f80000,0x00000000d7100000)
 ParOldGen       total 68608K, used 16874K [0x0000000080000000, 0x0000000084300000, 0x00000000d5580000)
  object space 68608K, 24% used [0x0000000080000000,0x000000008107a8b8,0x0000000084300000)
 Metaspace       used 30485K, committed 31488K, reserved 1114112K
  class space    used 2995K, committed 3456K, reserved 1048576K
}

