# JRE version: OpenJDK Runtime Environment Temurin-21.0.9+10 (21.0.9+10) (build 21.0.9+10-LTS)
# Java VM: OpenJDK 64-Bit Server VM Temurin-21.0.9+10 (21.0.9+10-LTS, mixed mode, sharing, tiered, compressed oops, compressed class ptrs, parallel gc, windows-amd64)
GC Precious Log:
 CardTable entry size: 512
 CPUs: 12 total, 12 available
 Memory: 16114M
 Large Page Support: Disabled
 NUMA Support: Disabled
 Compressed Oops: Enabled (32-bit)
 Alignments: Space 512K, Generation 512K, Heap 2M
 Heap Min Capacity: 100M
 Heap Initial Capacity: 100M
 Heap Max Capacity: 2G
 Pre-touch: Disabled
 Parallel Workers: 10
Heap:
 PSYoungGen      total 24064K, used 21222K [0x00000000d5580000, 0x00000000d7200000, 0x0000000100000000)
  eden space 22016K, 92% used [0x00000000d5580000,0x00000000d6971b30,0x00000000d6b00000)
  from space 2048K, 39% used [0x00000000d6e80000,0x00000000d6f48000,0x00000000d7080000)
  to   space 1024K, 0% used [0x00000000d7100000,0x00000000d7100000,0x00000000d7200000)
 ParOldGen       total 68608K, used 47662K [0x0000000080000000, 0x0000000084300000, 0x00000000d5580000)
  object space 68608K, 69% used [0x0000000080000000,0x0000000082e8b9f0,0x0000000084300000)
 Metaspace       used 69913K, committed 71488K, reserved 1114112K
  class space    used 8803K, committed 9472K, reserved 1048576K
GC Heap History (20 events):
Event: 19.546 GC heap before
{Heap before GC invocations=39 (full 3):
 PSYoungGen      total 23552K, used 23033K [0x00000000d5580000, 0x00000000d7400000, 0x0000000100000000)
  eden space 22016K, 100% used [0x00000000d5580000,0x00000000d6b00000,0x00000000d6b00000)
  from space 1536K, 66% used [0x00000000d7100000,0x00000000d71fe650,0x00000000d7280000)
  to   space 1536K, 0% used [0x00000000d7280000,0x00000000d7280000,0x00000000d7400000)
 ParOldGen       total 68608K, used 43880K [0x0000000080000000, 0x0000000084300000, 0x00000000d5580000)
  object space 68608K, 63% used [0x0000000080000000,0x0000000082ada3d0,0x0000000084300000)
 Metaspace       used 64244K, committed 65600K, reserved 1114112K
  class space    used 8043K, committed 8640K, reserved 1048576K
}
Event: 19.546 GC heap after
{Heap after GC invocations=39 (full 3):
 PSYoungGen      total 23040K, used 898K [0x00000000d5580000, 0x00000000d7380000, 0x0000000100000000)
  eden space 22016K, 0% used [0x00000000d5580000,0x00000000d5580000,0x00000000d6b00000)
  from space 1024K, 87% used [0x00000000d7280000,0x00000000d73608e0,0x00000000d7380000)
  to   space 1024K, 0% used [0x00000000d7180000,0x00000000d7180000,0x00000000d7280000)
 ParOldGen       total 68608K, used 43952K [0x0000000080000000, 0x0000000084300000, 0x00000000d5580000)
  object space 68608K, 64% used [0x0000000080000000,0x0000000082aec3d0,0x0000000084300000)
 Metaspace       used 64244K, committed 65600K, reserved 1114112K
  class space    used 8043K, committed 8640K, reserved 1048576K
}
Event: 19.599 GC heap before
{Heap before GC invocations=40 (full 3):
 PSYoungGen      total 23040K, used 22914K [0x00000000d5580000, 0x00000000d7380000, 0x0000000100000000)
  eden space 22016K, 100% used [0x00000000d5580000,0x00000000d6b00000,0x00000000d6b00000)
  from space 1024K, 87% used [0x00000000d7280000,0x00000000d73608e0,0x00000000d7380000)
  to   space 1024K, 0% used [0x00000000d7180000,0x00000000d7180000,0x00000000d7280000)
 ParOldGen       total 68608K, used 43952K [0x0000000080000000, 0x0000000084300000, 0x00000000d5580000)
  object space 68608K, 64% used [0x0000000080000000,0x0000000082aec3d0,0x0000000084300000)
 Metaspace       used 64244K, committed 65600K, reserved 1114112K
  class space    used 8043K, committed 8640K, reserved 1048576K
}
Event: 19.600 GC heap after
{Heap after GC invocations=40 (full 3):
 PSYoungGen      total 23040K, used 821K [0x00000000d5580000, 0x00000000d7300000, 0x0000000100000000)
  eden space 22016K, 0% used [0x00000000d5580000,0x00000000d5580000,0x00000000d6b00000)
  from space 1024K, 80% used [0x00000000d7180000,0x00000000d724d720,0x00000000d7280000)
  to   space 512K, 0% used [0x00000000d7280000,0x00000000d7280000,0x00000000d7300000)
 ParOldGen       total 68608K, used 43992K [0x0000000080000000, 0x0000000084300000, 0x00000000d5580000)
  object space 68608K, 64% used [0x0000000080000000,0x0000000082af63d0,0x0000000084300000)
 Metaspace       used 64244K, committed 65600K, reserved 1114112K
  class space    used 8043K, committed 8640K, reserved 1048576K
}
Event: 19.653 GC heap before
{Heap before GC invocations=41 (full 3):
 PSYoungGen      total 23040K, used 22837K [0x00000000d5580000, 0x00000000d7300000, 0x0000000100000000)
  eden space 22016K, 100% used [0x00000000d5580000,0x00000000d6b00000,0x00000000d6b00000)
  from space 1024K, 80% used [0x00000000d7180000,0x00000000d724d720,0x00000000d7280000)
  to   space 512K, 0% used [0x00000000d7280000,0x00000000d7280000,0x00000000d7300000)
 ParOldGen       total 68608K, used 43992K [0x0000000080000000, 0x0000000084300000, 0x00000000d5580000)
  object space 68608K, 64% used [0x0000000080000000,0x0000000082af63d0,0x0000000084300000)
 Metaspace       used 64244K, committed 65600K, reserved 1114112K
  class space    used 8043K, committed 8640K, reserved 1048576K
}
Event: 19.654 GC heap after
{Heap after GC invocations=41 (full 3):
 PSYoungGen      total 22528K, used 506K [0x00000000d5580000, 0x00000000d7300000, 0x0000000100000000)
  eden space 22016K, 0% used [0x00000000d5580000,0x00000000d5580000,0x00000000d6b00000)
  from space 512K, 98% used [0x00000000d7280000,0x00000000d72fea48,0x00000000d7300000)
  to   space 1024K, 0% used [0x00000000d7100000,0x00000000d7100000,0x00000000d7200000)
 ParOldGen       total 68608K, used 44024K [0x0000000080000000, 0x0000000084300000, 0x00000000d5580000)
  object space 68608K, 64% used [0x0000000080000000,0x0000000082afe3d0,0x0000000084300000)
 Metaspace       used 64244K, committed 65600K, reserved 1114112K
  class space    used 8043K, committed 8640K, reserved 1048576K
}
Event: 19.702 GC heap before
{Heap before GC invocations=42 (full 3):
 PSYoungGen      total 22528K, used 22522K [0x00000000d5580000, 0x00000000d7300000, 0x0000000100000000)
  eden space 22016K, 100% used [0x00000000d5580000,0x00000000d6b00000,0x00000000d6b00000)
  from space 512K, 98% used [0x00000000d7280000,0x00000000d72fea48,0x00000000d7300000)
  to   space 1024K, 0% used [0x00000000d7100000,0x00000000d7100000,0x00000000d7200000)
 ParOldGen       total 68608K, used 44024K [0x0000000080000000, 0x0000000084300000, 0x00000000d5580000)
  object space 68608K, 64% used [0x0000000080000000,0x0000000082afe3d0,0x0000000084300000)
 Metaspace       used 64244K, committed 65600K, reserved 1114112K
  class space    used 8043K, committed 8640K, reserved 1048576K
}
Event: 19.702 GC heap after
{Heap after GC invocations=42 (full 3):
 PSYoungGen      total 23040K, used 256K [0x00000000d5580000, 0x00000000d7300000, 0x0000000100000000)
  eden space 22016K, 0% used [0x00000000d5580000,0x00000000d5580000,0x00000000d6b00000)
  from space 1024K, 25% used [0x00000000d7100000,0x00000000d7140000,0x00000000d7200000)
  to   space 512K, 0% used [0x00000000d7280000,0x00000000d7280000,0x00000000d7300000)
 ParOldGen       total 68608K, used 44064K [0x0000000080000000, 0x0000000084300000, 0x00000000d5580000)
  object space 68608K, 64% used [0x0000000080000000,0x0000000082b083d0,0x0000000084300000)
 Metaspace       used 64244K, committed 65600K, reserved 1114112K
  class space    used 8043K, committed 8640K, reserved 1048576K
}
Event: 19.748 GC heap before
{Heap before GC invocations=43 (full 3):
 PSYoungGen      total 23040K, used 22272K [0x00000000d5580000, 0x00000000d7300000, 0x0000000100000000)
  eden space 22016K, 100% used [0x00000000d5580000,0x00000000d6b00000,0x00000000d6b00000)
  from space 1024K, 25% used [0x00000000d7100000,0x00000000d7140000,0x00000000d7200000)
  to   space 512K, 0% used [0x00000000d7280000,0x00000000d7280000,0x00000000d7300000)
 ParOldGen       total 68608K, used 44064K [0x0000000080000000, 0x0000000084300000, 0x00000000d5580000)
  object space 68608K, 64% used [0x0000000080000000,0x0000000082b083d0,0x0000000084300000)
 Metaspace       used 64245K, committed 65600K, reserved 1114112K
  class space    used 8043K, committed 8640K, reserved 1048576K
}
Event: 19.748 GC heap after
{Heap after GC invocations=43 (full 3):
 PSYoungGen      total 22528K, used 397K [0x00000000d5580000, 0x00000000d7300000, 0x0000000100000000)
  eden space 22016K, 0% used [0x00000000d5580000,0x00000000d5580000,0x00000000d6b00000)
  from space 512K, 77% used [0x00000000d7280000,0x00000000d72e3420,0x00000000d7300000)
  to   space 512K, 0% used [0x00000000d7200000,0x00000000d7200000,0x00000000d7280000)
 ParOldGen       total 68608K, used 44112K [0x0000000080000000, 0x0000000084300000, 0x00000000d5580000)
  object space 68608K, 64% used [0x0000000080000000,0x0000000082b143d0,0x0000000084300000)
 Metaspace       used 64245K, committed 65600K, reserved 1114112K
  class space    used 8043K, committed 8640K, reserved 1048576K
}
Event: 19.821 GC heap before
{Heap before GC invocations=44 (full 3):
 PSYoungGen      total 22528K, used 22413K [0x00000000d5580000, 0x00000000d7300000, 0x0000000100000000)
  eden space 22016K, 100% used [0x00000000d5580000,0x00000000d6b00000,0x00000000d6b00000)
  from space 512K, 77% used [0x00000000d7280000,0x00000000d72e3420,0x00000000d7300000)
  to   space 512K, 0% used [0x00000000d7200000,0x00000000d7200000,0x00000000d7280000)
 ParOldGen       total 68608K, used 44112K [0x0000000080000000, 0x0000000084300000, 0x00000000d5580000)
  object space 68608K, 64% used [0x0000000080000000,0x0000000082b143d0,0x0000000084300000)
 Metaspace       used 64431K, committed 65792K, reserved 1114112K
  class space    used 8073K, committed 8704K, reserved 1048576K
}
Event: 19.822 GC heap after
{Heap after GC invocations=44 (full 3):
 PSYoungGen      total 22528K, used 288K [0x00000000d5580000, 0x00000000d7300000, 0x0000000100000000)
  eden space 22016K, 0% used [0x00000000d5580000,0x00000000d5580000,0x00000000d6b00000)
  from space 512K, 56% used [0x00000000d7200000,0x00000000d7248000,0x00000000d7280000)
  to   space 512K, 0% used [0x00000000d7280000,0x00000000d7280000,0x00000000d7300000)
 ParOldGen       total 68608K, used 44144K [0x0000000080000000, 0x0000000084300000, 0x00000000d5580000)
  object space 68608K, 64% used [0x0000000080000000,0x0000000082b1c3d0,0x0000000084300000)
 Metaspace       used 64431K, committed 65792K, reserved 1114112K
  class space    used 8073K, committed 8704K, reserved 1048576K
}
Event: 20.353 GC heap before
{Heap before GC invocations=45 (full 3):
 PSYoungGen      total 22528K, used 22304K [0x00000000d5580000, 0x00000000d7300000, 0x0000000100000000)
  eden space 22016K, 100% used [0x00000000d5580000,0x00000000d6b00000,0x00000000d6b00000)
  from space 512K, 56% used [0x00000000d7200000,0x00000000d7248000,0x00000000d7280000)
  to   space 512K, 0% used [0x00000000d7280000,0x00000000d7280000,0x00000000d7300000)
 ParOldGen       total 68608K, used 44144K [0x0000000080000000, 0x0000000084300000, 0x00000000d5580000)
  object space 68608K, 64% used [0x0000000080000000,0x0000000082b1c3d0,0x0000000084300000)
 Metaspace       used 67000K, committed 68480K, reserved 1114112K
  class space    used 8473K, committed 9152K, reserved 1048576K
}
Event: 20.355 GC heap after
{Heap after GC invocations=45 (full 3):
 PSYoungGen      total 22528K, used 496K [0x00000000d5580000, 0x00000000d7300000, 0x0000000100000000)
  eden space 22016K, 0% used [0x00000000d5580000,0x00000000d5580000,0x00000000d6b00000)
  from space 512K, 96% used [0x00000000d7280000,0x00000000d72fc020,0x00000000d7300000)
  to   space 1536K, 0% used [0x00000000d7000000,0x00000000d7000000,0x00000000d7180000)
 ParOldGen       total 68608K, used 44584K [0x0000000080000000, 0x0000000084300000, 0x00000000d5580000)
  object space 68608K, 64% used [0x0000000080000000,0x0000000082b8a0e0,0x0000000084300000)
 Metaspace       used 67000K, committed 68480K, reserved 1114112K
  class space    used 8473K, committed 9152K, reserved 1048576K
}
Event: 20.878 GC heap before
{Heap before GC invocations=46 (full 3):
 PSYoungGen      total 22528K, used 22512K [0x00000000d5580000, 0x00000000d7300000, 0x0000000100000000)
  eden space 22016K, 100% used [0x00000000d5580000,0x00000000d6b00000,0x00000000d6b00000)
  from space 512K, 96% used [0x00000000d7280000,0x00000000d72fc020,0x00000000d7300000)
  to   space 1536K, 0% used [0x00000000d7000000,0x00000000d7000000,0x00000000d7180000)
 ParOldGen       total 68608K, used 44584K [0x0000000080000000, 0x0000000084300000, 0x00000000d5580000)
  object space 68608K, 64% used [0x0000000080000000,0x0000000082b8a0e0,0x0000000084300000)
 Metaspace       used 67860K, committed 69376K, reserved 1114112K
  class space    used 8579K, committed 9280K, reserved 1048576K
}
Event: 20.880 GC heap after
{Heap after GC invocations=46 (full 3):
 PSYoungGen      total 23552K, used 1532K [0x00000000d5580000, 0x00000000d7300000, 0x0000000100000000)
  eden space 22016K, 0% used [0x00000000d5580000,0x00000000d5580000,0x00000000d6b00000)
  from space 1536K, 99% used [0x00000000d7000000,0x00000000d717f250,0x00000000d7180000)
  to   space 1536K, 0% used [0x00000000d7180000,0x00000000d7180000,0x00000000d7300000)
 ParOldGen       total 68608K, used 45956K [0x0000000080000000, 0x0000000084300000, 0x00000000d5580000)
  object space 68608K, 66% used [0x0000000080000000,0x0000000082ce1120,0x0000000084300000)
 Metaspace       used 67860K, committed 69376K, reserved 1114112K
  class space    used 8579K, committed 9280K, reserved 1048576K
}
Event: 21.346 GC heap before
{Heap before GC invocations=47 (full 3):
 PSYoungGen      total 23552K, used 23548K [0x00000000d5580000, 0x00000000d7300000, 0x0000000100000000)
  eden space 22016K, 100% used [0x00000000d5580000,0x00000000d6b00000,0x00000000d6b00000)
  from space 1536K, 99% used [0x00000000d7000000,0x00000000d717f250,0x00000000d7180000)
  to   space 1536K, 0% used [0x00000000d7180000,0x00000000d7180000,0x00000000d7300000)
 ParOldGen       total 68608K, used 45956K [0x0000000080000000, 0x0000000084300000, 0x00000000d5580000)
  object space 68608K, 66% used [0x0000000080000000,0x0000000082ce1120,0x0000000084300000)
 Metaspace       used 68636K, committed 70144K, reserved 1114112K
  class space    used 8673K, committed 9344K, reserved 1048576K
}
Event: 21.348 GC heap after
{Heap after GC invocations=47 (full 3):
 PSYoungGen      total 23040K, used 920K [0x00000000d5580000, 0x00000000d7280000, 0x0000000100000000)
  eden space 22016K, 0% used [0x00000000d5580000,0x00000000d5580000,0x00000000d6b00000)
  from space 1024K, 89% used [0x00000000d7180000,0x00000000d72661a8,0x00000000d7280000)
  to   space 2048K, 0% used [0x00000000d6e80000,0x00000000d6e80000,0x00000000d7080000)
 ParOldGen       total 68608K, used 46924K [0x0000000080000000, 0x0000000084300000, 0x00000000d5580000)
  object space 68608K, 68% used [0x0000000080000000,0x0000000082dd3130,0x0000000084300000)
 Metaspace       used 68636K, committed 70144K, reserved 1114112K
  class space    used 8673K, committed 9344K, reserved 1048576K
}
Event: 22.117 GC heap before
{Heap before GC invocations=48 (full 3):
 PSYoungGen      total 23040K, used 22936K [0x00000000d5580000, 0x00000000d7280000, 0x0000000100000000)
  eden space 22016K, 100% used [0x00000000d5580000,0x00000000d6b00000,0x00000000d6b00000)
  from space 1024K, 89% used [0x00000000d7180000,0x00000000d72661a8,0x00000000d7280000)
  to   space 2048K, 0% used [0x00000000d6e80000,0x00000000d6e80000,0x00000000d7080000)
 ParOldGen       total 68608K, used 46924K [0x0000000080000000, 0x0000000084300000, 0x00000000d5580000)
  object space 68608K, 68% used [0x0000000080000000,0x0000000082dd3130,0x0000000084300000)
 Metaspace       used 69574K, committed 71168K, reserved 1114112K
  class space    used 8780K, committed 9472K, reserved 1048576K
}
Event: 22.119 GC heap after
{Heap after GC invocations=48 (full 3):
 PSYoungGen      total 24064K, used 800K [0x00000000d5580000, 0x00000000d7200000, 0x0000000100000000)
  eden space 22016K, 0% used [0x00000000d5580000,0x00000000d5580000,0x00000000d6b00000)
  from space 2048K, 39% used [0x00000000d6e80000,0x00000000d6f48000,0x00000000d7080000)
  to   space 1024K, 0% used [0x00000000d7100000,0x00000000d7100000,0x00000000d7200000)
 ParOldGen       total 68608K, used 47662K [0x0000000080000000, 0x0000000084300000, 0x00000000d5580000)
  object space 68608K, 69% used [0x0000000080000000,0x0000000082e8b9f0,0x0000000084300000)
 Metaspace       used 69574K, committed 71168K, reserved 1114112K
  class space    used 8780K, committed 9472K, reserved 1048576K
}

