# JRE version: OpenJDK Runtime Environment Temurin-21.0.9+10 (21.0.9+10) (build 21.0.9+10-LTS)
# Java VM: OpenJDK 64-Bit Server VM Temurin-21.0.9+10 (21.0.9+10-LTS, mixed mode, sharing, tiered, compressed oops, compressed class ptrs, parallel gc, windows-amd64)
GC Precious Log:
 CardTable entry size: 512
 CPUs: 12 total, 12 available
 Memory: 16114M
 Large Page Support: Disabled
 NUMA Support: Disabled
 Compressed Oops: Enabled (32-bit)
 Alignments: Space 512K, Generation 512K, Heap 2M
 Heap Min Capacity: 100M
 Heap Initial Capacity: 100M
 Heap Max Capacity: 2G
 Pre-touch: Disabled
 Parallel Workers: 10
Heap:
 PSYoungGen      total 25600K, used 15306K [0x00000000d5580000, 0x00000000d7380000, 0x0000000100000000)
  eden space 22016K, 65% used [0x00000000d5580000,0x00000000d637ab30,0x00000000d6b00000)
  from space 3584K, 27% used [0x00000000d6d00000,0x00000000d6df8000,0x00000000d7080000)
  to   space 1536K, 0% used [0x00000000d7200000,0x00000000d7200000,0x00000000d7380000)
 ParOldGen       total 68608K, used 29529K [0x0000000080000000, 0x0000000084300000, 0x00000000d5580000)
  object space 68608K, 43% used [0x0000000080000000,0x0000000081cd67c0,0x0000000084300000)
 Metaspace       used 44494K, committed 45696K, reserved 1114112K
  class space    used 5026K, committed 5568K, reserved 1048576K
GC Heap History (20 events):
Event: 2.878 GC heap before
{Heap before GC invocations=12 (full 1):
 PSYoungGen      total 24064K, used 24035K [0x00000000d5580000, 0x00000000d7380000, 0x0000000100000000)
  eden space 23040K, 100% used [0x00000000d5580000,0x00000000d6c00000,0x00000000d6c00000)
  from space 1024K, 97% used [0x00000000d7280000,0x00000000d7378f90,0x00000000d7380000)
  to   space 1536K, 0% used [0x00000000d7080000,0x00000000d7080000,0x00000000d7200000)
 ParOldGen       total 68608K, used 15368K [0x0000000080000000, 0x0000000084300000, 0x00000000d5580000)
  object space 68608K, 22% used [0x0000000080000000,0x0000000080f020f8,0x0000000084300000)
 Metaspace       used 28943K, committed 29824K, reserved 1114112K
  class space    used 2802K, committed 3200K, reserved 1048576K
}
Event: 2.879 GC heap after
{Heap after GC invocations=12 (full 1):
 PSYoungGen      total 24064K, used 1224K [0x00000000d5580000, 0x00000000d7300000, 0x0000000100000000)
  eden space 22528K, 0% used [0x00000000d5580000,0x00000000d5580000,0x00000000d6b80000)
  from space 1536K, 79% used [0x00000000d7080000,0x00000000d71b21d8,0x00000000d7200000)
  to   space 1024K, 0% used [0x00000000d7200000,0x00000000d7200000,0x00000000d7300000)
 ParOldGen       total 68608K, used 15778K [0x0000000080000000, 0x0000000084300000, 0x00000000d5580000)
  object space 68608K, 22% used [0x0000000080000000,0x0000000080f68a00,0x0000000084300000)
 Metaspace       used 28943K, committed 29824K, reserved 1114112K
  class space    used 2802K, committed 3200K, reserved 1048576K
}
Event: 3.010 GC heap before
{Heap before GC invocations=13 (full 1):
 PSYoungGen      total 24064K, used 23731K [0x00000000d5580000, 0x00000000d7300000, 0x0000000100000000)
  eden space 22528K, 99% used [0x00000000d5580000,0x00000000d6b7ae18,0x00000000d6b80000)
  from space 1536K, 79% used [0x00000000d7080000,0x00000000d71b21d8,0x00000000d7200000)
  to   space 1024K, 0% used [0x00000000d7200000,0x00000000d7200000,0x00000000d7300000)
 ParOldGen       total 68608K, used 15778K [0x0000000080000000, 0x0000000084300000, 0x00000000d5580000)
  object space 68608K, 22% used [0x0000000080000000,0x0000000080f68a00,0x0000000084300000)
 Metaspace       used 30536K, committed 31552K, reserved 1114112K
  class space    used 2998K, committed 3456K, reserved 1048576K
}
Event: 3.011 GC heap after
{Heap after GC invocations=13 (full 1):
 PSYoungGen      total 23040K, used 1004K [0x00000000d5580000, 0x00000000d7300000, 0x0000000100000000)
  eden space 22016K, 0% used [0x00000000d5580000,0x00000000d5580000,0x00000000d6b00000)
  from space 1024K, 98% used [0x00000000d7200000,0x00000000d72fb368,0x00000000d7300000)
  to   space 2560K, 0% used [0x00000000d6e00000,0x00000000d6e00000,0x00000000d7080000)
 ParOldGen       total 68608K, used 16993K [0x0000000080000000, 0x0000000084300000, 0x00000000d5580000)
  object space 68608K, 24% used [0x0000000080000000,0x00000000810986e8,0x0000000084300000)
 Metaspace       used 30536K, committed 31552K, reserved 1114112K
  class space    used 2998K, committed 3456K, reserved 1048576K
}
Event: 3.104 GC heap before
{Heap before GC invocations=14 (full 1):
 PSYoungGen      total 23040K, used 23020K [0x00000000d5580000, 0x00000000d7300000, 0x0000000100000000)
  eden space 22016K, 100% used [0x00000000d5580000,0x00000000d6b00000,0x00000000d6b00000)
  from space 1024K, 98% used [0x00000000d7200000,0x00000000d72fb368,0x00000000d7300000)
  to   space 2560K, 0% used [0x00000000d6e00000,0x00000000d6e00000,0x00000000d7080000)
 ParOldGen       total 68608K, used 16993K [0x0000000080000000, 0x0000000084300000, 0x00000000d5580000)
  object space 68608K, 24% used [0x0000000080000000,0x00000000810986e8,0x0000000084300000)
 Metaspace       used 32991K, committed 34048K, reserved 1114112K
  class space    used 3319K, committed 3776K, reserved 1048576K
}
Event: 3.105 GC heap after
{Heap after GC invocations=14 (full 1):
 PSYoungGen      total 24576K, used 1475K [0x00000000d5580000, 0x00000000d7280000, 0x0000000100000000)
  eden space 22016K, 0% used [0x00000000d5580000,0x00000000d5580000,0x00000000d6b00000)
  from space 2560K, 57% used [0x00000000d6e00000,0x00000000d6f70db0,0x00000000d7080000)
  to   space 2048K, 0% used [0x00000000d7080000,0x00000000d7080000,0x00000000d7280000)
 ParOldGen       total 68608K, used 17899K [0x0000000080000000, 0x0000000084300000, 0x00000000d5580000)
  object space 68608K, 26% used [0x0000000080000000,0x000000008117afa0,0x0000000084300000)
 Metaspace       used 32991K, committed 34048K, reserved 1114112K
  class space    used 3319K, committed 3776K, reserved 1048576K
}
Event: 3.182 GC heap before
{Heap before GC invocations=15 (full 1):
 PSYoungGen      total 24576K, used 16536K [0x00000000d5580000, 0x00000000d7280000, 0x0000000100000000)
  eden space 22016K, 68% used [0x00000000d5580000,0x00000000d64355e0,0x00000000d6b00000)
  from space 2560K, 57% used [0x00000000d6e00000,0x00000000d6f70db0,0x00000000d7080000)
  to   space 2048K, 0% used [0x00000000d7080000,0x00000000d7080000,0x00000000d7280000)
 ParOldGen       total 68608K, used 17899K [0x0000000080000000, 0x0000000084300000, 0x00000000d5580000)
  object space 68608K, 26% used [0x0000000080000000,0x000000008117afa0,0x0000000084300000)
 Metaspace       used 34781K, committed 35840K, reserved 1114112K
  class space    used 3562K, committed 4032K, reserved 1048576K
}
Event: 3.183 GC heap after
{Heap after GC invocations=15 (full 1):
 PSYoungGen      total 23552K, used 1376K [0x00000000d5580000, 0x00000000d7200000, 0x0000000100000000)
  eden space 22016K, 0% used [0x00000000d5580000,0x00000000d5580000,0x00000000d6b00000)
  from space 1536K, 89% used [0x00000000d7080000,0x00000000d71d8000,0x00000000d7200000)
  to   space 1536K, 0% used [0x00000000d6f00000,0x00000000d6f00000,0x00000000d7080000)
 ParOldGen       total 68608K, used 18699K [0x0000000080000000, 0x0000000084300000, 0x00000000d5580000)
  object space 68608K, 27% used [0x0000000080000000,0x0000000081242fa0,0x0000000084300000)
 Metaspace       used 34781K, committed 35840K, reserved 1114112K
  class space    used 3562K, committed 4032K, reserved 1048576K
}
Event: 3.183 GC heap before
{Heap before GC invocations=16 (full 2):
 PSYoungGen      total 23552K, used 1376K [0x00000000d5580000, 0x00000000d7200000, 0x0000000100000000)
  eden space 22016K, 0% used [0x00000000d5580000,0x00000000d5580000,0x00000000d6b00000)
  from space 1536K, 89% used [0x00000000d7080000,0x00000000d71d8000,0x00000000d7200000)
  to   space 1536K, 0% used [0x00000000d6f00000,0x00000000d6f00000,0x00000000d7080000)
 ParOldGen       total 68608K, used 18699K [0x0000000080000000, 0x0000000084300000, 0x00000000d5580000)
  object space 68608K, 27% used [0x0000000080000000,0x0000000081242fa0,0x0000000084300000)
 Metaspace       used 34781K, committed 35840K, reserved 1114112K
  class space    used 3562K, committed 4032K, reserved 1048576K
}
Event: 3.206 GC heap after
{Heap after GC invocations=16 (full 2):
 PSYoungGen      total 23552K, used 0K [0x00000000d5580000, 0x00000000d7200000, 0x0000000100000000)
  eden space 22016K, 0% used [0x00000000d5580000,0x00000000d5580000,0x00000000d6b00000)
  from space 1536K, 0% used [0x00000000d7080000,0x00000000d7080000,0x00000000d7200000)
  to   space 1536K, 0% used [0x00000000d6f00000,0x00000000d6f00000,0x00000000d7080000)
 ParOldGen       total 68608K, used 18956K [0x0000000080000000, 0x0000000084300000, 0x00000000d5580000)
  object space 68608K, 27% used [0x0000000080000000,0x0000000081283320,0x0000000084300000)
 Metaspace       used 34781K, committed 35840K, reserved 1114112K
  class space    used 3562K, committed 4032K, reserved 1048576K
}
Event: 3.304 GC heap before
{Heap before GC invocations=17 (full 2):
 PSYoungGen      total 23552K, used 22016K [0x00000000d5580000, 0x00000000d7200000, 0x0000000100000000)
  eden space 22016K, 100% used [0x00000000d5580000,0x00000000d6b00000,0x00000000d6b00000)
  from space 1536K, 0% used [0x00000000d7080000,0x00000000d7080000,0x00000000d7200000)
  to   space 1536K, 0% used [0x00000000d6f00000,0x00000000d6f00000,0x00000000d7080000)
 ParOldGen       total 68608K, used 18956K [0x0000000080000000, 0x0000000084300000, 0x00000000d5580000)
  object space 68608K, 27% used [0x0000000080000000,0x0000000081283320,0x0000000084300000)
 Metaspace       used 37077K, committed 38208K, reserved 1114112K
  class space    used 3918K, committed 4416K, reserved 1048576K
}
Event: 3.305 GC heap after
{Heap after GC invocations=17 (full 2):
 PSYoungGen      total 23552K, used 1261K [0x00000000d5580000, 0x00000000d7100000, 0x0000000100000000)
  eden space 22016K, 0% used [0x00000000d5580000,0x00000000d5580000,0x00000000d6b00000)
  from space 1536K, 82% used [0x00000000d6f00000,0x00000000d703b568,0x00000000d7080000)
  to   space 512K, 0% used [0x00000000d7080000,0x00000000d7080000,0x00000000d7100000)
 ParOldGen       total 68608K, used 18964K [0x0000000080000000, 0x0000000084300000, 0x00000000d5580000)
  object space 68608K, 27% used [0x0000000080000000,0x0000000081285320,0x0000000084300000)
 Metaspace       used 37077K, committed 38208K, reserved 1114112K
  class space    used 3918K, committed 4416K, reserved 1048576K
}
Event: 3.433 GC heap before
{Heap before GC invocations=18 (full 2):
 PSYoungGen      total 23552K, used 23277K [0x00000000d5580000, 0x00000000d7100000, 0x0000000100000000)
  eden space 22016K, 100% used [0x00000000d5580000,0x00000000d6b00000,0x00000000d6b00000)
  from space 1536K, 82% used [0x00000000d6f00000,0x00000000d703b568,0x00000000d7080000)
  to   space 512K, 0% used [0x00000000d7080000,0x00000000d7080000,0x00000000d7100000)
 ParOldGen       total 68608K, used 18964K [0x0000000080000000, 0x0000000084300000, 0x00000000d5580000)
  object space 68608K, 27% used [0x0000000080000000,0x0000000081285320,0x0000000084300000)
 Metaspace       used 38943K, committed 40064K, reserved 1114112K
  class space    used 4188K, committed 4672K, reserved 1048576K
}
Event: 3.434 GC heap after
{Heap after GC invocations=18 (full 2):
 PSYoungGen      total 22528K, used 493K [0x00000000d5580000, 0x00000000d7300000, 0x0000000100000000)
  eden space 22016K, 0% used [0x00000000d5580000,0x00000000d5580000,0x00000000d6b00000)
  from space 512K, 96% used [0x00000000d7080000,0x00000000d70fb638,0x00000000d7100000)
  to   space 4096K, 0% used [0x00000000d6b00000,0x00000000d6b00000,0x00000000d6f00000)
 ParOldGen       total 68608K, used 21729K [0x0000000080000000, 0x0000000084300000, 0x00000000d5580000)
  object space 68608K, 31% used [0x0000000080000000,0x0000000081538610,0x0000000084300000)
 Metaspace       used 38943K, committed 40064K, reserved 1114112K
  class space    used 4188K, committed 4672K, reserved 1048576K
}
Event: 3.547 GC heap before
{Heap before GC invocations=19 (full 2):
 PSYoungGen      total 22528K, used 22509K [0x00000000d5580000, 0x00000000d7300000, 0x0000000100000000)
  eden space 22016K, 100% used [0x00000000d5580000,0x00000000d6b00000,0x00000000d6b00000)
  from space 512K, 96% used [0x00000000d7080000,0x00000000d70fb638,0x00000000d7100000)
  to   space 4096K, 0% used [0x00000000d6b00000,0x00000000d6b00000,0x00000000d6f00000)
 ParOldGen       total 68608K, used 21729K [0x0000000080000000, 0x0000000084300000, 0x00000000d5580000)
  object space 68608K, 31% used [0x0000000080000000,0x0000000081538610,0x0000000084300000)
 Metaspace       used 39690K, committed 40832K, reserved 1114112K
  class space    used 4299K, committed 4800K, reserved 1048576K
}
Event: 3.548 GC heap after
{Heap after GC invocations=19 (full 2):
 PSYoungGen      total 26112K, used 4092K [0x00000000d5580000, 0x00000000d7b00000, 0x0000000100000000)
  eden space 22016K, 0% used [0x00000000d5580000,0x00000000d5580000,0x00000000d6b00000)
  from space 4096K, 99% used [0x00000000d6b00000,0x00000000d6eff160,0x00000000d6f00000)
  to   space 8192K, 0% used [0x00000000d7300000,0x00000000d7300000,0x00000000d7b00000)
 ParOldGen       total 68608K, used 25011K [0x0000000080000000, 0x0000000084300000, 0x00000000d5580000)
  object space 68608K, 36% used [0x0000000080000000,0x000000008186cdf8,0x0000000084300000)
 Metaspace       used 39690K, committed 40832K, reserved 1114112K
  class space    used 4299K, committed 4800K, reserved 1048576K
}
Event: 3.656 GC heap before
{Heap before GC invocations=20 (full 2):
 PSYoungGen      total 26112K, used 26108K [0x00000000d5580000, 0x00000000d7b00000, 0x0000000100000000)
  eden space 22016K, 100% used [0x00000000d5580000,0x00000000d6b00000,0x00000000d6b00000)
  from space 4096K, 99% used [0x00000000d6b00000,0x00000000d6eff160,0x00000000d6f00000)
  to   space 8192K, 0% used [0x00000000d7300000,0x00000000d7300000,0x00000000d7b00000)
 ParOldGen       total 68608K, used 25011K [0x0000000080000000, 0x0000000084300000, 0x00000000d5580000)
  object space 68608K, 36% used [0x0000000080000000,0x000000008186cdf8,0x0000000084300000)
 Metaspace       used 41428K, committed 42560K, reserved 1114112K
  class space    used 4566K, committed 5056K, reserved 1048576K
}
Event: 3.657 GC heap after
{Heap after GC invocations=20 (full 2):
 PSYoungGen      total 23040K, used 672K [0x00000000d5580000, 0x00000000d7400000, 0x0000000100000000)
  eden space 22016K, 0% used [0x00000000d5580000,0x00000000d5580000,0x00000000d6b00000)
  from space 1024K, 65% used [0x00000000d7300000,0x00000000d73a8000,0x00000000d7400000)
  to   space 3584K, 0% used [0x00000000d6d00000,0x00000000d6d00000,0x00000000d7080000)
 ParOldGen       total 68608K, used 29077K [0x0000000080000000, 0x0000000084300000, 0x00000000d5580000)
  object space 68608K, 42% used [0x0000000080000000,0x0000000081c65468,0x0000000084300000)
 Metaspace       used 41428K, committed 42560K, reserved 1114112K
  class space    used 4566K, committed 5056K, reserved 1048576K
}
Event: 3.769 GC heap before
{Heap before GC invocations=21 (full 2):
 PSYoungGen      total 23040K, used 22688K [0x00000000d5580000, 0x00000000d7400000, 0x0000000100000000)
  eden space 22016K, 100% used [0x00000000d5580000,0x00000000d6b00000,0x00000000d6b00000)
  from space 1024K, 65% used [0x00000000d7300000,0x00000000d73a8000,0x00000000d7400000)
  to   space 3584K, 0% used [0x00000000d6d00000,0x00000000d6d00000,0x00000000d7080000)
 ParOldGen       total 68608K, used 29077K [0x0000000080000000, 0x0000000084300000, 0x00000000d5580000)
  object space 68608K, 42% used [0x0000000080000000,0x0000000081c65468,0x0000000084300000)
 Metaspace       used 43359K, committed 44544K, reserved 1114112K
  class space    used 4866K, committed 5376K, reserved 1048576K
}
Event: 3.770 GC heap after
{Heap after GC invocations=21 (full 2):
 PSYoungGen      total 25600K, used 992K [0x00000000d5580000, 0x00000000d7380000, 0x0000000100000000)
  eden space 22016K, 0% used [0x00000000d5580000,0x00000000d5580000,0x00000000d6b00000)
  from space 3584K, 27% used [0x00000000d6d00000,0x00000000d6df8000,0x00000000d7080000)
  to   space 1536K, 0% used [0x00000000d7200000,0x00000000d7200000,0x00000000d7380000)
 ParOldGen       total 68608K, used 29529K [0x0000000080000000, 0x0000000084300000, 0x00000000d5580000)
  object space 68608K, 43% used [0x0000000080000000,0x0000000081cd67c0,0x0000000084300000)
 Metaspace       used 43359K, committed 44544K, reserved 1114112K
  class space    used 4866K, committed 5376K, reserved 1048576K
}

