# JRE version: OpenJDK Runtime Environment (21.0.8) (build 21.0.8+-14196175-b1038.72)
# Java VM: OpenJDK 64-Bit Server VM (21.0.8+-14196175-b1038.72, mixed mode, tiered, compressed oops, compressed class ptrs, g1 gc, windows-amd64)
GC Precious Log:
 CardTable entry size: 512
 Card Set container configuration: InlinePtr #cards 5 size 8 Array Of Cards #cards 12 size 40 Howl #buckets 4 coarsen threshold 1843 Howl Bitmap #cards 512 size 80 coarsen threshold 460 Card regions per heap region 1 cards per card region 2048
 CPUs: 12 total, 12 available
 Memory: 16114M
 Large Page Support: Disabled
 NUMA Support: Disabled
 Compressed Oops: Enabled (32-bit)
 Heap Region Size: 1M
 Heap Min Capacity: 8M
 Heap Initial Capacity: 252M
 Heap Max Capacity: 2G
 Pre-touch: Disabled
 Parallel Workers: 10
 Concurrent Workers: 3
 Concurrent Refinement Workers: 10
 Periodic GC: Disabled
Heap:
 garbage-first heap   total 71680K, used 51602K [0x0000000080000000, 0x0000000100000000)
  region size 1024K, 32 young (32768K), 5 survivors (5120K)
 Metaspace       used 40648K, committed 41472K, reserved 1114112K
  class space    used 5656K, committed 6016K, reserved 1048576K
GC Heap History (14 events):
Event: 0.349 GC heap before
{Heap before GC invocations=0 (full 0):
 garbage-first heap   total 258048K, used 22528K [0x0000000080000000, 0x0000000100000000)
  region size 1024K, 23 young (23552K), 0 survivors (0K)
 Metaspace       used 8079K, committed 8256K, reserved 1114112K
  class space    used 746K, committed 832K, reserved 1048576K
}
Event: 0.352 GC heap after
{Heap after GC invocations=1 (full 0):
 garbage-first heap   total 258048K, used 2367K [0x0000000080000000, 0x0000000100000000)
  region size 1024K, 3 young (3072K), 3 survivors (3072K)
 Metaspace       used 8079K, committed 8256K, reserved 1114112K
  class space    used 746K, committed 832K, reserved 1048576K
}
Event: 0.931 GC heap before
{Heap before GC invocations=1 (full 0):
 garbage-first heap   total 258048K, used 41279K [0x0000000080000000, 0x0000000100000000)
  region size 1024K, 39 young (39936K), 3 survivors (3072K)
 Metaspace       used 12320K, committed 12480K, reserved 1114112K
  class space    used 1346K, committed 1408K, reserved 1048576K
}
Event: 0.934 GC heap after
{Heap after GC invocations=2 (full 0):
 garbage-first heap   total 258048K, used 10964K [0x0000000080000000, 0x0000000100000000)
  region size 1024K, 5 young (5120K), 5 survivors (5120K)
 Metaspace       used 12320K, committed 12480K, reserved 1114112K
  class space    used 1346K, committed 1408K, reserved 1048576K
}
Event: 1.408 GC heap before
{Heap before GC invocations=2 (full 0):
 garbage-first heap   total 258048K, used 63188K [0x0000000080000000, 0x0000000100000000)
  region size 1024K, 54 young (55296K), 5 survivors (5120K)
 Metaspace       used 15804K, committed 16064K, reserved 1114112K
  class space    used 1830K, committed 1984K, reserved 1048576K
}
Event: 1.415 GC heap after
{Heap after GC invocations=3 (full 0):
 garbage-first heap   total 258048K, used 17889K [0x0000000080000000, 0x0000000100000000)
  region size 1024K, 7 young (7168K), 7 survivors (7168K)
 Metaspace       used 15804K, committed 16064K, reserved 1114112K
  class space    used 1830K, committed 1984K, reserved 1048576K
}
Event: 1.836 GC heap before
{Heap before GC invocations=3 (full 0):
 garbage-first heap   total 258048K, used 39393K [0x0000000080000000, 0x0000000100000000)
  region size 1024K, 29 young (29696K), 7 survivors (7168K)
 Metaspace       used 21265K, committed 21504K, reserved 1114112K
  class space    used 2561K, committed 2688K, reserved 1048576K
}
Event: 1.840 GC heap after
{Heap after GC invocations=4 (full 0):
 garbage-first heap   total 258048K, used 20298K [0x0000000080000000, 0x0000000100000000)
  region size 1024K, 10 young (10240K), 10 survivors (10240K)
 Metaspace       used 21265K, committed 21504K, reserved 1114112K
  class space    used 2561K, committed 2688K, reserved 1048576K
}
Event: 2.348 GC heap before
{Heap before GC invocations=5 (full 0):
 garbage-first heap   total 71680K, used 52042K [0x0000000080000000, 0x0000000100000000)
  region size 1024K, 42 young (43008K), 10 survivors (10240K)
 Metaspace       used 27083K, committed 27520K, reserved 1114112K
  class space    used 3450K, committed 3648K, reserved 1048576K
}
Event: 2.354 GC heap after
{Heap after GC invocations=6 (full 0):
 garbage-first heap   total 71680K, used 22041K [0x0000000080000000, 0x0000000100000000)
  region size 1024K, 5 young (5120K), 5 survivors (5120K)
 Metaspace       used 27083K, committed 27520K, reserved 1114112K
  class space    used 3450K, committed 3648K, reserved 1048576K
}
Event: 3.078 GC heap before
{Heap before GC invocations=6 (full 0):
 garbage-first heap   total 71680K, used 56857K [0x0000000080000000, 0x0000000100000000)
  region size 1024K, 39 young (39936K), 5 survivors (5120K)
 Metaspace       used 31807K, committed 32448K, reserved 1114112K
  class space    used 4307K, committed 4608K, reserved 1048576K
}
Event: 3.084 GC heap after
{Heap after GC invocations=7 (full 0):
 garbage-first heap   total 71680K, used 24058K [0x0000000080000000, 0x0000000100000000)
  region size 1024K, 5 young (5120K), 5 survivors (5120K)
 Metaspace       used 31807K, committed 32448K, reserved 1114112K
  class space    used 4307K, committed 4608K, reserved 1048576K
}
Event: 4.495 GC heap before
{Heap before GC invocations=7 (full 0):
 garbage-first heap   total 71680K, used 47610K [0x0000000080000000, 0x0000000100000000)
  region size 1024K, 30 young (30720K), 5 survivors (5120K)
 Metaspace       used 35358K, committed 36096K, reserved 1114112K
  class space    used 4905K, committed 5248K, reserved 1048576K
}
Event: 4.501 GC heap after
{Heap after GC invocations=8 (full 0):
 garbage-first heap   total 71680K, used 26002K [0x0000000080000000, 0x0000000100000000)
  region size 1024K, 5 young (5120K), 5 survivors (5120K)
 Metaspace       used 35358K, committed 36096K, reserved 1114112K
  class space    used 4905K, committed 5248K, reserved 1048576K
}

