# JRE version: OpenJDK Runtime Environment (21.0.8) (build 21.0.8+-14196175-b1038.72)
# Java VM: OpenJDK 64-Bit Server VM (21.0.8+-14196175-b1038.72, mixed mode, tiered, compressed oops, compressed class ptrs, g1 gc, windows-amd64)
GC Precious Log:
 CardTable entry size: 512
 Card Set container configuration: InlinePtr #cards 4 size 8 Array Of Cards #cards 16 size 48 Howl #buckets 8 coarsen threshold 3686 Howl Bitmap #cards 512 size 80 coarsen threshold 460 Card regions per heap region 1 cards per card region 4096
 CPUs: 12 total, 12 available
 Memory: 16114M
 Large Page Support: Disabled
 NUMA Support: Disabled
 Compressed Oops: Enabled (Zero based)
 Heap Region Size: 2M
 Heap Min Capacity: 8M
 Heap Initial Capacity: 252M
 Heap Max Capacity: 4030M
 Pre-touch: Disabled
 Parallel Workers: 10
 Concurrent Workers: 3
 Concurrent Refinement Workers: 10
 Periodic GC: Disabled
Heap:
 garbage-first heap   total 409600K, used 316881K [0x0000000704200000, 0x0000000800000000)
  region size 2048K, 18 young (36864K), 7 survivors (14336K)
 Metaspace       used 84264K, committed 84608K, reserved 1179648K
  class space    used 8870K, committed 9024K, reserved 1048576K
GC Heap History (20 events):
Event: 14.251 GC heap before
{Heap before GC invocations=25 (full 0):
 garbage-first heap   total 317440K, used 276027K [0x0000000704200000, 0x0000000800000000)
  region size 2048K, 50 young (102400K), 3 survivors (6144K)
 Metaspace       used 65330K, committed 65664K, reserved 1114112K
  class space    used 7354K, committed 7488K, reserved 1048576K
}
Event: 14.258 GC heap after
{Heap after GC invocations=26 (full 0):
 garbage-first heap   total 317440K, used 186797K [0x0000000704200000, 0x0000000800000000)
  region size 2048K, 7 young (14336K), 7 survivors (14336K)
 Metaspace       used 65330K, committed 65664K, reserved 1114112K
  class space    used 7354K, committed 7488K, reserved 1048576K
}
Event: 14.751 GC heap before
{Heap before GC invocations=26 (full 0):
 garbage-first heap   total 317440K, used 278957K [0x0000000704200000, 0x0000000800000000)
  region size 2048K, 52 young (106496K), 7 survivors (14336K)
 Metaspace       used 65402K, committed 65728K, reserved 1114112K
  class space    used 7355K, committed 7488K, reserved 1048576K
}
Event: 14.762 GC heap after
{Heap after GC invocations=27 (full 0):
 garbage-first heap   total 317440K, used 195134K [0x0000000704200000, 0x0000000800000000)
  region size 2048K, 7 young (14336K), 7 survivors (14336K)
 Metaspace       used 65402K, committed 65728K, reserved 1114112K
  class space    used 7355K, committed 7488K, reserved 1048576K
}
Event: 14.954 GC heap before
{Heap before GC invocations=27 (full 0):
 garbage-first heap   total 317440K, used 283198K [0x0000000704200000, 0x0000000800000000)
  region size 2048K, 50 young (102400K), 7 survivors (14336K)
 Metaspace       used 65423K, committed 65728K, reserved 1114112K
  class space    used 7355K, committed 7488K, reserved 1048576K
}
Event: 14.967 GC heap after
{Heap after GC invocations=28 (full 0):
 garbage-first heap   total 317440K, used 215040K [0x0000000704200000, 0x0000000800000000)
  region size 2048K, 7 young (14336K), 7 survivors (14336K)
 Metaspace       used 65423K, committed 65728K, reserved 1114112K
  class space    used 7355K, committed 7488K, reserved 1048576K
}
Event: 15.718 GC heap before
{Heap before GC invocations=29 (full 0):
 garbage-first heap   total 358400K, used 282624K [0x0000000704200000, 0x0000000800000000)
  region size 2048K, 40 young (81920K), 7 survivors (14336K)
 Metaspace       used 65552K, committed 65856K, reserved 1114112K
  class space    used 7359K, committed 7488K, reserved 1048576K
}
Event: 15.724 GC heap after
{Heap after GC invocations=30 (full 0):
 garbage-first heap   total 358400K, used 222233K [0x0000000704200000, 0x0000000800000000)
  region size 2048K, 3 young (6144K), 3 survivors (6144K)
 Metaspace       used 65552K, committed 65856K, reserved 1114112K
  class space    used 7359K, committed 7488K, reserved 1048576K
}
Event: 16.763 GC heap before
{Heap before GC invocations=30 (full 0):
 garbage-first heap   total 358400K, used 320537K [0x0000000704200000, 0x0000000800000000)
  region size 2048K, 51 young (104448K), 3 survivors (6144K)
 Metaspace       used 65768K, committed 66112K, reserved 1114112K
  class space    used 7382K, committed 7552K, reserved 1048576K
}
Event: 16.768 GC heap after
{Heap after GC invocations=31 (full 0):
 garbage-first heap   total 358400K, used 227560K [0x0000000704200000, 0x0000000800000000)
  region size 2048K, 5 young (10240K), 5 survivors (10240K)
 Metaspace       used 65768K, committed 66112K, reserved 1114112K
  class space    used 7382K, committed 7552K, reserved 1048576K
}
Event: 18.768 GC heap before
{Heap before GC invocations=31 (full 0):
 garbage-first heap   total 358400K, used 325864K [0x0000000704200000, 0x0000000800000000)
  region size 2048K, 53 young (108544K), 5 survivors (10240K)
 Metaspace       used 70168K, committed 70528K, reserved 1114112K
  class space    used 7722K, committed 7872K, reserved 1048576K
}
Event: 18.778 GC heap after
{Heap after GC invocations=32 (full 0):
 garbage-first heap   total 358400K, used 233682K [0x0000000704200000, 0x0000000800000000)
  region size 2048K, 7 young (14336K), 7 survivors (14336K)
 Metaspace       used 70168K, committed 70528K, reserved 1114112K
  class space    used 7722K, committed 7872K, reserved 1048576K
}
Event: 19.894 GC heap before
{Heap before GC invocations=32 (full 0):
 garbage-first heap   total 358400K, used 321746K [0x0000000704200000, 0x0000000800000000)
  region size 2048K, 50 young (102400K), 7 survivors (14336K)
 Metaspace       used 70951K, committed 71296K, reserved 1114112K
  class space    used 7755K, committed 7872K, reserved 1048576K
}
Event: 19.909 GC heap after
{Heap after GC invocations=33 (full 0):
 garbage-first heap   total 358400K, used 243697K [0x0000000704200000, 0x0000000800000000)
  region size 2048K, 7 young (14336K), 7 survivors (14336K)
 Metaspace       used 70951K, committed 71296K, reserved 1114112K
  class space    used 7755K, committed 7872K, reserved 1048576K
}
Event: 21.458 GC heap before
{Heap before GC invocations=34 (full 0):
 garbage-first heap   total 407552K, used 321521K [0x0000000704200000, 0x0000000800000000)
  region size 2048K, 45 young (92160K), 7 survivors (14336K)
 Metaspace       used 78005K, committed 78336K, reserved 1179648K
  class space    used 8398K, committed 8512K, reserved 1048576K
}
Event: 21.473 GC heap after
{Heap after GC invocations=35 (full 0):
 garbage-first heap   total 407552K, used 257714K [0x0000000704200000, 0x0000000800000000)
  region size 2048K, 6 young (12288K), 6 survivors (12288K)
 Metaspace       used 78005K, committed 78336K, reserved 1179648K
  class space    used 8398K, committed 8512K, reserved 1048576K
}
Event: 23.118 GC heap before
{Heap before GC invocations=35 (full 0):
 garbage-first heap   total 407552K, used 372402K [0x0000000704200000, 0x0000000800000000)
  region size 2048K, 62 young (126976K), 6 survivors (12288K)
 Metaspace       used 83326K, committed 83648K, reserved 1179648K
  class space    used 8800K, committed 8960K, reserved 1048576K
}
Event: 23.131 GC heap after
{Heap after GC invocations=36 (full 0):
 garbage-first heap   total 407552K, used 270205K [0x0000000704200000, 0x0000000800000000)
  region size 2048K, 8 young (16384K), 8 survivors (16384K)
 Metaspace       used 83326K, committed 83648K, reserved 1179648K
  class space    used 8800K, committed 8960K, reserved 1048576K
}
Event: 24.105 GC heap before
{Heap before GC invocations=36 (full 0):
 garbage-first heap   total 407552K, used 366461K [0x0000000704200000, 0x0000000800000000)
  region size 2048K, 55 young (112640K), 8 survivors (16384K)
 Metaspace       used 84234K, committed 84544K, reserved 1179648K
  class space    used 8865K, committed 9024K, reserved 1048576K
}
Event: 24.127 GC heap after
{Heap after GC invocations=37 (full 0):
 garbage-first heap   total 409600K, used 296401K [0x0000000704200000, 0x0000000800000000)
  region size 2048K, 7 young (14336K), 7 survivors (14336K)
 Metaspace       used 84234K, committed 84544K, reserved 1179648K
  class space    used 8865K, committed 9024K, reserved 1048576K
}

