# JRE version: OpenJDK Runtime Environment (21.0.8) (build 21.0.8+-14196175-b1038.72)
# Java VM: OpenJDK 64-Bit Server VM (21.0.8+-14196175-b1038.72, mixed mode, tiered, compressed oops, compressed class ptrs, g1 gc, windows-amd64)
GC Precious Log:
 CardTable entry size: 512
 Card Set container configuration: InlinePtr #cards 5 size 8 Array Of Cards #cards 12 size 40 Howl #buckets 4 coarsen threshold 1843 Howl Bitmap #cards 512 size 80 coarsen threshold 460 Card regions per heap region 1 cards per card region 2048
 CPUs: 12 total, 12 available
 Memory: 16114M
 Large Page Support: Disabled
 NUMA Support: Disabled
 Compressed Oops: Enabled (32-bit)
 Heap Region Size: 1M
 Heap Min Capacity: 8M
 Heap Initial Capacity: 252M
 Heap Max Capacity: 2G
 Pre-touch: Disabled
 Parallel Workers: 10
 Concurrent Workers: 3
 Concurrent Refinement Workers: 10
 Periodic GC: Disabled
Heap:
 garbage-first heap   total 258048K, used 147833K [0x0000000080000000, 0x0000000100000000)
  region size 1024K, 7 young (7168K), 7 survivors (7168K)
 Metaspace       used 119244K, committed 121536K, reserved 1179648K
  class space    used 16865K, committed 17984K, reserved 1048576K
GC Heap History (20 events):
Event: 18.979 GC heap after
{Heap after GC invocations=52 (full 0):
 garbage-first heap   total 188416K, used 117550K [0x0000000080000000, 0x0000000100000000)
  region size 1024K, 7 young (7168K), 7 survivors (7168K)
 Metaspace       used 115756K, committed 117952K, reserved 1179648K
  class space    used 16349K, committed 17408K, reserved 1048576K
}
Event: 19.922 GC heap before
{Heap before GC invocations=52 (full 0):
 garbage-first heap   total 188416K, used 169774K [0x0000000080000000, 0x0000000100000000)
  region size 1024K, 59 young (60416K), 7 survivors (7168K)
 Metaspace       used 117963K, committed 120128K, reserved 1179648K
  class space    used 16693K, committed 17728K, reserved 1048576K
}
Event: 19.931 GC heap after
{Heap after GC invocations=53 (full 0):
 garbage-first heap   total 189440K, used 125879K [0x0000000080000000, 0x0000000100000000)
  region size 1024K, 8 young (8192K), 8 survivors (8192K)
 Metaspace       used 117963K, committed 120128K, reserved 1179648K
  class space    used 16693K, committed 17728K, reserved 1048576K
}
Event: 20.129 GC heap before
{Heap before GC invocations=53 (full 0):
 garbage-first heap   total 189440K, used 170935K [0x0000000080000000, 0x0000000100000000)
  region size 1024K, 52 young (53248K), 8 survivors (8192K)
 Metaspace       used 118096K, committed 120256K, reserved 1179648K
  class space    used 16699K, committed 17728K, reserved 1048576K
}
Event: 20.136 GC heap after
{Heap after GC invocations=54 (full 0):
 garbage-first heap   total 189440K, used 132315K [0x0000000080000000, 0x0000000100000000)
  region size 1024K, 6 young (6144K), 6 survivors (6144K)
 Metaspace       used 118096K, committed 120256K, reserved 1179648K
  class space    used 16699K, committed 17728K, reserved 1048576K
}
Event: 20.239 GC heap before
{Heap before GC invocations=55 (full 0):
 garbage-first heap   total 222208K, used 170203K [0x0000000080000000, 0x0000000100000000)
  region size 1024K, 43 young (44032K), 6 survivors (6144K)
 Metaspace       used 118098K, committed 120256K, reserved 1179648K
  class space    used 16699K, committed 17728K, reserved 1048576K
}
Event: 20.244 GC heap after
{Heap after GC invocations=56 (full 0):
 garbage-first heap   total 222208K, used 134297K [0x0000000080000000, 0x0000000100000000)
  region size 1024K, 4 young (4096K), 4 survivors (4096K)
 Metaspace       used 118098K, committed 120256K, reserved 1179648K
  class space    used 16699K, committed 17728K, reserved 1048576K
}
Event: 20.559 GC heap before
{Heap before GC invocations=56 (full 0):
 garbage-first heap   total 222208K, used 198809K [0x0000000080000000, 0x0000000100000000)
  region size 1024K, 68 young (69632K), 4 survivors (4096K)
 Metaspace       used 118575K, committed 120768K, reserved 1179648K
  class space    used 16793K, committed 17856K, reserved 1048576K
}
Event: 20.564 GC heap after
{Heap after GC invocations=57 (full 0):
 garbage-first heap   total 222208K, used 134300K [0x0000000080000000, 0x0000000100000000)
  region size 1024K, 7 young (7168K), 7 survivors (7168K)
 Metaspace       used 118575K, committed 120768K, reserved 1179648K
  class space    used 16793K, committed 17856K, reserved 1048576K
}
Event: 20.856 GC heap before
{Heap before GC invocations=57 (full 0):
 garbage-first heap   total 222208K, used 200860K [0x0000000080000000, 0x0000000100000000)
  region size 1024K, 73 young (74752K), 7 survivors (7168K)
 Metaspace       used 118731K, committed 120960K, reserved 1179648K
  class space    used 16813K, committed 17920K, reserved 1048576K
}
Event: 20.861 GC heap after
{Heap after GC invocations=58 (full 0):
 garbage-first heap   total 222208K, used 137077K [0x0000000080000000, 0x0000000100000000)
  region size 1024K, 8 young (8192K), 8 survivors (8192K)
 Metaspace       used 118731K, committed 120960K, reserved 1179648K
  class space    used 16813K, committed 17920K, reserved 1048576K
}
Event: 21.130 GC heap before
{Heap before GC invocations=59 (full 0):
 garbage-first heap   total 230400K, used 199541K [0x0000000080000000, 0x0000000100000000)
  region size 1024K, 70 young (71680K), 8 survivors (8192K)
 Metaspace       used 118896K, committed 121152K, reserved 1179648K
  class space    used 16828K, committed 17920K, reserved 1048576K
}
Event: 21.135 GC heap after
{Heap after GC invocations=60 (full 0):
 garbage-first heap   total 230400K, used 139445K [0x0000000080000000, 0x0000000100000000)
  region size 1024K, 5 young (5120K), 5 survivors (5120K)
 Metaspace       used 118896K, committed 121152K, reserved 1179648K
  class space    used 16828K, committed 17920K, reserved 1048576K
}
Event: 21.453 GC heap before
{Heap before GC invocations=60 (full 0):
 garbage-first heap   total 230400K, used 210101K [0x0000000080000000, 0x0000000100000000)
  region size 1024K, 75 young (76800K), 5 survivors (5120K)
 Metaspace       used 119085K, committed 121408K, reserved 1179648K
  class space    used 16854K, committed 17984K, reserved 1048576K
}
Event: 21.459 GC heap after
{Heap after GC invocations=61 (full 0):
 garbage-first heap   total 230400K, used 140037K [0x0000000080000000, 0x0000000100000000)
  region size 1024K, 8 young (8192K), 8 survivors (8192K)
 Metaspace       used 119085K, committed 121408K, reserved 1179648K
  class space    used 16854K, committed 17984K, reserved 1048576K
}
Event: 21.685 GC heap before
{Heap before GC invocations=61 (full 0):
 garbage-first heap   total 230400K, used 207621K [0x0000000080000000, 0x0000000100000000)
  region size 1024K, 75 young (76800K), 8 survivors (8192K)
 Metaspace       used 119187K, committed 121472K, reserved 1179648K
  class space    used 16864K, committed 17984K, reserved 1048576K
}
Event: 21.690 GC heap after
{Heap after GC invocations=62 (full 0):
 garbage-first heap   total 230400K, used 143532K [0x0000000080000000, 0x0000000100000000)
  region size 1024K, 9 young (9216K), 9 survivors (9216K)
 Metaspace       used 119187K, committed 121472K, reserved 1179648K
  class space    used 16864K, committed 17984K, reserved 1048576K
}
Event: 21.859 GC heap before
{Heap before GC invocations=63 (full 0):
 garbage-first heap   total 240640K, used 205996K [0x0000000080000000, 0x0000000100000000)
  region size 1024K, 71 young (72704K), 9 survivors (9216K)
 Metaspace       used 119212K, committed 121472K, reserved 1179648K
  class space    used 16865K, committed 17984K, reserved 1048576K
}
Event: 21.864 GC heap after
{Heap after GC invocations=64 (full 0):
 garbage-first heap   total 240640K, used 145741K [0x0000000080000000, 0x0000000100000000)
  region size 1024K, 5 young (5120K), 5 survivors (5120K)
 Metaspace       used 119212K, committed 121472K, reserved 1179648K
  class space    used 16865K, committed 17984K, reserved 1048576K
}
Event: 21.993 GC heap before
{Heap before GC invocations=64 (full 0):
 garbage-first heap   total 240640K, used 220493K [0x0000000080000000, 0x0000000100000000)
  region size 1024K, 79 young (80896K), 5 survivors (5120K)
 Metaspace       used 119244K, committed 121536K, reserved 1179648K
  class space    used 16865K, committed 17984K, reserved 1048576K
}

