# JRE version: Java(TM) SE Runtime Environment (8.0_411) (build 1.8.0_411-b09)
# Java VM: Java HotSpot(TM) 64-Bit Server VM (25.411-b09 mixed mode windows-amd64 compressed oops)
Heap:
 PSYoungGen      total 228864K, used 39955K [0x00000000d5580000, 0x00000000e8e80000, 0x0000000100000000)
  eden space 216064K, 12% used [0x00000000d5580000,0x00000000d70d4628,0x00000000e2880000)
  from space 12800K, 93% used [0x00000000e3680000,0x00000000e4230888,0x00000000e4300000)
  to   space 14336K, 0% used [0x00000000e2880000,0x00000000e2880000,0x00000000e3680000)
 ParOldGen       total 129536K, used 16844K [0x0000000080000000, 0x0000000087e80000, 0x00000000d5580000)
  object space 129536K, 13% used [0x0000000080000000,0x00000000810730c8,0x0000000087e80000)
 Metaspace       used 43291K, capacity 45960K, committed 46080K, reserved 1089536K
  class space    used 6066K, capacity 6578K, committed 6656K, reserved 1048576K
GC Heap History (10 events):
Event: 2.823 GC heap before
{Heap before GC invocations=8 (full 1):
 PSYoungGen      total 141824K, used 129024K [0x00000000d5580000, 0x00000000dec80000, 0x0000000100000000)
  eden space 129024K, 100% used [0x00000000d5580000,0x00000000dd380000,0x00000000dd380000)
  from space 12800K, 0% used [0x00000000de000000,0x00000000de000000,0x00000000dec80000)
  to   space 12800K, 0% used [0x00000000dd380000,0x00000000dd380000,0x00000000de000000)
 ParOldGen       total 92672K, used 8971K [0x0000000080000000, 0x0000000085a80000, 0x00000000d5580000)
  object space 92672K, 9% used [0x0000000080000000,0x00000000808c2f80,0x0000000085a80000)
 Metaspace       used 25283K, capacity 26460K, committed 26752K, reserved 1073152K
  class space    used 3624K, capacity 3868K, committed 3968K, reserved 1048576K
Event: 2.828 GC heap after
Heap after GC invocations=8 (full 1):
 PSYoungGen      total 141824K, used 8369K [0x00000000d5580000, 0x00000000e4300000, 0x0000000100000000)
  eden space 129024K, 0% used [0x00000000d5580000,0x00000000d5580000,0x00000000dd380000)
  from space 12800K, 65% used [0x00000000dd380000,0x00000000ddbac690,0x00000000de000000)
  to   space 12800K, 0% used [0x00000000e3680000,0x00000000e3680000,0x00000000e4300000)
 ParOldGen       total 92672K, used 8979K [0x0000000080000000, 0x0000000085a80000, 0x00000000d5580000)
  object space 92672K, 9% used [0x0000000080000000,0x00000000808c4f80,0x0000000085a80000)
 Metaspace       used 25283K, capacity 26460K, committed 26752K, reserved 1073152K
  class space    used 3624K, capacity 3868K, committed 3968K, reserved 1048576K
}
Event: 3.453 GC heap before
{Heap before GC invocations=9 (full 1):
 PSYoungGen      total 141824K, used 137393K [0x00000000d5580000, 0x00000000e4300000, 0x0000000100000000)
  eden space 129024K, 100% used [0x00000000d5580000,0x00000000dd380000,0x00000000dd380000)
  from space 12800K, 65% used [0x00000000dd380000,0x00000000ddbac690,0x00000000de000000)
  to   space 12800K, 0% used [0x00000000e3680000,0x00000000e3680000,0x00000000e4300000)
 ParOldGen       total 92672K, used 8979K [0x0000000080000000, 0x0000000085a80000, 0x00000000d5580000)
  object space 92672K, 9% used [0x0000000080000000,0x00000000808c4f80,0x0000000085a80000)
 Metaspace       used 32140K, capacity 34238K, committed 34304K, reserved 1079296K
  class space    used 4704K, capacity 5120K, committed 5120K, reserved 1048576K
Event: 3.459 GC heap after
Heap after GC invocations=9 (full 1):
 PSYoungGen      total 226816K, used 12635K [0x00000000d5580000, 0x00000000e4300000, 0x0000000100000000)
  eden space 214016K, 0% used [0x00000000d5580000,0x00000000d5580000,0x00000000e2680000)
  from space 12800K, 98% used [0x00000000e3680000,0x00000000e42d6d30,0x00000000e4300000)
  to   space 14336K, 0% used [0x00000000e2700000,0x00000000e2700000,0x00000000e3500000)
 ParOldGen       total 92672K, used 8987K [0x0000000080000000, 0x0000000085a80000, 0x00000000d5580000)
  object space 92672K, 9% used [0x0000000080000000,0x00000000808c6f80,0x0000000085a80000)
 Metaspace       used 32140K, capacity 34238K, committed 34304K, reserved 1079296K
  class space    used 4704K, capacity 5120K, committed 5120K, reserved 1048576K
}
Event: 3.595 GC heap before
{Heap before GC invocations=10 (full 1):
 PSYoungGen      total 226816K, used 40942K [0x00000000d5580000, 0x00000000e4300000, 0x0000000100000000)
  eden space 214016K, 13% used [0x00000000d5580000,0x00000000d7124b40,0x00000000e2680000)
  from space 12800K, 98% used [0x00000000e3680000,0x00000000e42d6d30,0x00000000e4300000)
  to   space 14336K, 0% used [0x00000000e2700000,0x00000000e2700000,0x00000000e3500000)
 ParOldGen       total 92672K, used 8987K [0x0000000080000000, 0x0000000085a80000, 0x00000000d5580000)
  object space 92672K, 9% used [0x0000000080000000,0x00000000808c6f80,0x0000000085a80000)
 Metaspace       used 33350K, capacity 35450K, committed 35496K, reserved 1079296K
  class space    used 4907K, capacity 5346K, committed 5376K, reserved 1048576K
Event: 4.627 GC heap after
Heap after GC invocations=10 (full 1):
 PSYoungGen      total 228352K, used 9146K [0x00000000d5580000, 0x00000000e4300000, 0x0000000100000000)
  eden space 214016K, 0% used [0x00000000d5580000,0x00000000d5580000,0x00000000e2680000)
  from space 14336K, 63% used [0x00000000e2700000,0x00000000e2feea38,0x00000000e3500000)
  to   space 12800K, 0% used [0x00000000e3680000,0x00000000e3680000,0x00000000e4300000)
 ParOldGen       total 92672K, used 8995K [0x0000000080000000, 0x0000000085a80000, 0x00000000d5580000)
  object space 92672K, 9% used [0x0000000080000000,0x00000000808c8f80,0x0000000085a80000)
 Metaspace       used 33350K, capacity 35450K, committed 35496K, reserved 1079296K
  class space    used 4907K, capacity 5346K, committed 5376K, reserved 1048576K
}
Event: 4.627 GC heap before
{Heap before GC invocations=11 (full 2):
 PSYoungGen      total 228352K, used 9146K [0x00000000d5580000, 0x00000000e4300000, 0x0000000100000000)
  eden space 214016K, 0% used [0x00000000d5580000,0x00000000d5580000,0x00000000e2680000)
  from space 14336K, 63% used [0x00000000e2700000,0x00000000e2feea38,0x00000000e3500000)
  to   space 12800K, 0% used [0x00000000e3680000,0x00000000e3680000,0x00000000e4300000)
 ParOldGen       total 92672K, used 8995K [0x0000000080000000, 0x0000000085a80000, 0x00000000d5580000)
  object space 92672K, 9% used [0x0000000080000000,0x00000000808c8f80,0x0000000085a80000)
 Metaspace       used 33350K, capacity 35450K, committed 35496K, reserved 1079296K
  class space    used 4907K, capacity 5346K, committed 5376K, reserved 1048576K
Event: 4.652 GC heap after
Heap after GC invocations=11 (full 2):
 PSYoungGen      total 228352K, used 0K [0x00000000d5580000, 0x00000000e4300000, 0x0000000100000000)
  eden space 214016K, 0% used [0x00000000d5580000,0x00000000d5580000,0x00000000e2680000)
  from space 14336K, 0% used [0x00000000e2700000,0x00000000e2700000,0x00000000e3500000)
  to   space 12800K, 0% used [0x00000000e3680000,0x00000000e3680000,0x00000000e4300000)
 ParOldGen       total 129536K, used 16836K [0x0000000080000000, 0x0000000087e80000, 0x00000000d5580000)
  object space 129536K, 12% used [0x0000000080000000,0x00000000810710c8,0x0000000087e80000)
 Metaspace       used 33343K, capacity 35426K, committed 35496K, reserved 1079296K
  class space    used 4905K, capacity 5342K, committed 5376K, reserved 1048576K
}
Event: 16.832 GC heap before
{Heap before GC invocations=12 (full 2):
 PSYoungGen      total 228352K, used 214016K [0x00000000d5580000, 0x00000000e4300000, 0x0000000100000000)
  eden space 214016K, 100% used [0x00000000d5580000,0x00000000e2680000,0x00000000e2680000)
  from space 14336K, 0% used [0x00000000e2700000,0x00000000e2700000,0x00000000e3500000)
  to   space 12800K, 0% used [0x00000000e3680000,0x00000000e3680000,0x00000000e4300000)
 ParOldGen       total 129536K, used 16836K [0x0000000080000000, 0x0000000087e80000, 0x00000000d5580000)
  object space 129536K, 12% used [0x0000000080000000,0x00000000810710c8,0x0000000087e80000)
 Metaspace       used 42373K, capacity 44994K, committed 45056K, reserved 1087488K
  class space    used 5924K, capacity 6395K, committed 6400K, reserved 1048576K
Event: 16.858 GC heap after
Heap after GC invocations=12 (full 2):
 PSYoungGen      total 228864K, used 11970K [0x00000000d5580000, 0x00000000e8e80000, 0x0000000100000000)
  eden space 216064K, 0% used [0x00000000d5580000,0x00000000d5580000,0x00000000e2880000)
  from space 12800K, 93% used [0x00000000e3680000,0x00000000e4230888,0x00000000e4300000)
  to   space 14336K, 0% used [0x00000000e2880000,0x00000000e2880000,0x00000000e3680000)
 ParOldGen       total 129536K, used 16844K [0x0000000080000000, 0x0000000087e80000, 0x00000000d5580000)
  object space 129536K, 13% used [0x0000000080000000,0x00000000810730c8,0x0000000087e80000)
 Metaspace       used 42373K, capacity 44994K, committed 45056K, reserved 1087488K
  class space    used 5924K, capacity 6395K, committed 6400K, reserved 1048576K
}

