# JRE version: OpenJDK Runtime Environment Temurin-21.0.9+10 (21.0.9+10) (build 21.0.9+10-LTS)
# Java VM: OpenJDK 64-Bit Server VM Temurin-21.0.9+10 (21.0.9+10-LTS, mixed mode, sharing, tiered, compressed oops, compressed class ptrs, parallel gc, windows-amd64)
GC Precious Log:
 CardTable entry size: 512
 CPUs: 12 total, 12 available
 Memory: 16114M
 Large Page Support: Disabled
 NUMA Support: Disabled
 Compressed Oops: Enabled (32-bit)
 Alignments: Space 512K, Generation 512K, Heap 2M
 Heap Min Capacity: 100M
 Heap Initial Capacity: 100M
 Heap Max Capacity: 2G
 Pre-touch: Disabled
 Parallel Workers: 10
Heap:
 PSYoungGen      total 23040K, used 6071K [0x00000000d5580000, 0x00000000d6f00000, 0x0000000100000000)
  eden space 22016K, 22% used [0x00000000d5580000,0x00000000d5a6fe50,0x00000000d6b00000)
  from space 1024K, 99% used [0x00000000d6d00000,0x00000000d6dfe1a8,0x00000000d6e00000)
  to   space 1024K, 0% used [0x00000000d6e00000,0x00000000d6e00000,0x00000000d6f00000)
 ParOldGen       total 68608K, used 40922K [0x0000000080000000, 0x0000000084300000, 0x00000000d5580000)
  object space 68608K, 59% used [0x0000000080000000,0x00000000827f6be0,0x0000000084300000)
 Metaspace       used 64944K, committed 66432K, reserved 1114112K
  class space    used 8217K, committed 8896K, reserved 1048576K
GC Heap History (20 events):
Event: 8.276 GC heap before
{Heap before GC invocations=37 (full 2):
 PSYoungGen      total 22528K, used 22381K [0x00000000d5580000, 0x00000000d6f80000, 0x0000000100000000)
  eden space 22016K, 100% used [0x00000000d5580000,0x00000000d6b00000,0x00000000d6b00000)
  from space 512K, 71% used [0x00000000d6f00000,0x00000000d6f5b420,0x00000000d6f80000)
  to   space 512K, 0% used [0x00000000d6e80000,0x00000000d6e80000,0x00000000d6f00000)
 ParOldGen       total 68608K, used 41294K [0x0000000080000000, 0x0000000084300000, 0x00000000d5580000)
  object space 68608K, 60% used [0x0000000080000000,0x0000000082853a70,0x0000000084300000)
 Metaspace       used 58258K, committed 59584K, reserved 1114112K
  class space    used 7348K, committed 7936K, reserved 1048576K
}
Event: 8.276 GC heap after
{Heap after GC invocations=37 (full 2):
 PSYoungGen      total 22528K, used 330K [0x00000000d5580000, 0x00000000d6f80000, 0x0000000100000000)
  eden space 22016K, 0% used [0x00000000d5580000,0x00000000d5580000,0x00000000d6b00000)
  from space 512K, 64% used [0x00000000d6e80000,0x00000000d6ed29b0,0x00000000d6f00000)
  to   space 512K, 0% used [0x00000000d6f00000,0x00000000d6f00000,0x00000000d6f80000)
 ParOldGen       total 68608K, used 41334K [0x0000000080000000, 0x0000000084300000, 0x00000000d5580000)
  object space 68608K, 60% used [0x0000000080000000,0x000000008285da70,0x0000000084300000)
 Metaspace       used 58258K, committed 59584K, reserved 1114112K
  class space    used 7348K, committed 7936K, reserved 1048576K
}
Event: 8.340 GC heap before
{Heap before GC invocations=38 (full 2):
 PSYoungGen      total 22528K, used 22346K [0x00000000d5580000, 0x00000000d6f80000, 0x0000000100000000)
  eden space 22016K, 99% used [0x00000000d5580000,0x00000000d6afff78,0x00000000d6b00000)
  from space 512K, 64% used [0x00000000d6e80000,0x00000000d6ed29b0,0x00000000d6f00000)
  to   space 512K, 0% used [0x00000000d6f00000,0x00000000d6f00000,0x00000000d6f80000)
 ParOldGen       total 68608K, used 41334K [0x0000000080000000, 0x0000000084300000, 0x00000000d5580000)
  object space 68608K, 60% used [0x0000000080000000,0x000000008285da70,0x0000000084300000)
 Metaspace       used 58258K, committed 59584K, reserved 1114112K
  class space    used 7348K, committed 7936K, reserved 1048576K
}
Event: 8.341 GC heap after
{Heap after GC invocations=38 (full 2):
 PSYoungGen      total 22528K, used 304K [0x00000000d5580000, 0x00000000d6f80000, 0x0000000100000000)
  eden space 22016K, 0% used [0x00000000d5580000,0x00000000d5580000,0x00000000d6b00000)
  from space 512K, 59% used [0x00000000d6f00000,0x00000000d6f4c1f8,0x00000000d6f80000)
  to   space 512K, 0% used [0x00000000d6e80000,0x00000000d6e80000,0x00000000d6f00000)
 ParOldGen       total 68608K, used 41358K [0x0000000080000000, 0x0000000084300000, 0x00000000d5580000)
  object space 68608K, 60% used [0x0000000080000000,0x0000000082863a70,0x0000000084300000)
 Metaspace       used 58258K, committed 59584K, reserved 1114112K
  class space    used 7348K, committed 7936K, reserved 1048576K
}
Event: 8.408 GC heap before
{Heap before GC invocations=39 (full 2):
 PSYoungGen      total 22528K, used 22320K [0x00000000d5580000, 0x00000000d6f80000, 0x0000000100000000)
  eden space 22016K, 100% used [0x00000000d5580000,0x00000000d6b00000,0x00000000d6b00000)
  from space 512K, 59% used [0x00000000d6f00000,0x00000000d6f4c1f8,0x00000000d6f80000)
  to   space 512K, 0% used [0x00000000d6e80000,0x00000000d6e80000,0x00000000d6f00000)
 ParOldGen       total 68608K, used 41358K [0x0000000080000000, 0x0000000084300000, 0x00000000d5580000)
  object space 68608K, 60% used [0x0000000080000000,0x0000000082863a70,0x0000000084300000)
 Metaspace       used 58258K, committed 59584K, reserved 1114112K
  class space    used 7348K, committed 7936K, reserved 1048576K
}
Event: 8.409 GC heap after
{Heap after GC invocations=39 (full 2):
 PSYoungGen      total 22528K, used 241K [0x00000000d5580000, 0x00000000d6f80000, 0x0000000100000000)
  eden space 22016K, 0% used [0x00000000d5580000,0x00000000d5580000,0x00000000d6b00000)
  from space 512K, 47% used [0x00000000d6e80000,0x00000000d6ebc640,0x00000000d6f00000)
  to   space 512K, 0% used [0x00000000d6f00000,0x00000000d6f00000,0x00000000d6f80000)
 ParOldGen       total 68608K, used 41442K [0x0000000080000000, 0x0000000084300000, 0x00000000d5580000)
  object space 68608K, 60% used [0x0000000080000000,0x0000000082878b40,0x0000000084300000)
 Metaspace       used 58258K, committed 59584K, reserved 1114112K
  class space    used 7348K, committed 7936K, reserved 1048576K
}
Event: 8.435 GC heap before
{Heap before GC invocations=40 (full 2):
 PSYoungGen      total 22528K, used 2856K [0x00000000d5580000, 0x00000000d6f80000, 0x0000000100000000)
  eden space 22016K, 11% used [0x00000000d5580000,0x00000000d580d9c0,0x00000000d6b00000)
  from space 512K, 47% used [0x00000000d6e80000,0x00000000d6ebc640,0x00000000d6f00000)
  to   space 512K, 0% used [0x00000000d6f00000,0x00000000d6f00000,0x00000000d6f80000)
 ParOldGen       total 68608K, used 41442K [0x0000000080000000, 0x0000000084300000, 0x00000000d5580000)
  object space 68608K, 60% used [0x0000000080000000,0x0000000082878b40,0x0000000084300000)
 Metaspace       used 58466K, committed 59776K, reserved 1114112K
  class space    used 7382K, committed 8000K, reserved 1048576K
}
Event: 8.436 GC heap after
{Heap after GC invocations=40 (full 2):
 PSYoungGen      total 22528K, used 288K [0x00000000d5580000, 0x00000000d6f80000, 0x0000000100000000)
  eden space 22016K, 0% used [0x00000000d5580000,0x00000000d5580000,0x00000000d6b00000)
  from space 512K, 56% used [0x00000000d6f00000,0x00000000d6f48000,0x00000000d6f80000)
  to   space 512K, 0% used [0x00000000d6e80000,0x00000000d6e80000,0x00000000d6f00000)
 ParOldGen       total 68608K, used 41538K [0x0000000080000000, 0x0000000084300000, 0x00000000d5580000)
  object space 68608K, 60% used [0x0000000080000000,0x0000000082890b50,0x0000000084300000)
 Metaspace       used 58466K, committed 59776K, reserved 1114112K
  class space    used 7382K, committed 8000K, reserved 1048576K
}
Event: 8.436 GC heap before
{Heap before GC invocations=41 (full 3):
 PSYoungGen      total 22528K, used 288K [0x00000000d5580000, 0x00000000d6f80000, 0x0000000100000000)
  eden space 22016K, 0% used [0x00000000d5580000,0x00000000d5580000,0x00000000d6b00000)
  from space 512K, 56% used [0x00000000d6f00000,0x00000000d6f48000,0x00000000d6f80000)
  to   space 512K, 0% used [0x00000000d6e80000,0x00000000d6e80000,0x00000000d6f00000)
 ParOldGen       total 68608K, used 41538K [0x0000000080000000, 0x0000000084300000, 0x00000000d5580000)
  object space 68608K, 60% used [0x0000000080000000,0x0000000082890b50,0x0000000084300000)
 Metaspace       used 58466K, committed 59776K, reserved 1114112K
  class space    used 7382K, committed 8000K, reserved 1048576K
}
Event: 8.480 GC heap after
{Heap after GC invocations=41 (full 3):
 PSYoungGen      total 22528K, used 0K [0x00000000d5580000, 0x00000000d6f80000, 0x0000000100000000)
  eden space 22016K, 0% used [0x00000000d5580000,0x00000000d5580000,0x00000000d6b00000)
  from space 512K, 0% used [0x00000000d6f00000,0x00000000d6f00000,0x00000000d6f80000)
  to   space 512K, 0% used [0x00000000d6e80000,0x00000000d6e80000,0x00000000d6f00000)
 ParOldGen       total 68608K, used 38217K [0x0000000080000000, 0x0000000084300000, 0x00000000d5580000)
  object space 68608K, 55% used [0x0000000080000000,0x00000000825524e8,0x0000000084300000)
 Metaspace       used 58466K, committed 59776K, reserved 1114112K
  class space    used 7382K, committed 8000K, reserved 1048576K
}
Event: 8.771 GC heap before
{Heap before GC invocations=42 (full 3):
 PSYoungGen      total 22528K, used 22016K [0x00000000d5580000, 0x00000000d6f80000, 0x0000000100000000)
  eden space 22016K, 100% used [0x00000000d5580000,0x00000000d6b00000,0x00000000d6b00000)
  from space 512K, 0% used [0x00000000d6f00000,0x00000000d6f00000,0x00000000d6f80000)
  to   space 512K, 0% used [0x00000000d6e80000,0x00000000d6e80000,0x00000000d6f00000)
 ParOldGen       total 68608K, used 38217K [0x0000000080000000, 0x0000000084300000, 0x00000000d5580000)
  object space 68608K, 55% used [0x0000000080000000,0x00000000825524e8,0x0000000084300000)
 Metaspace       used 61077K, committed 62528K, reserved 1114112K
  class space    used 7795K, committed 8448K, reserved 1048576K
}
Event: 8.772 GC heap after
{Heap after GC invocations=42 (full 3):
 PSYoungGen      total 22528K, used 496K [0x00000000d5580000, 0x00000000d6f80000, 0x0000000100000000)
  eden space 22016K, 0% used [0x00000000d5580000,0x00000000d5580000,0x00000000d6b00000)
  from space 512K, 96% used [0x00000000d6e80000,0x00000000d6efc020,0x00000000d6f00000)
  to   space 512K, 0% used [0x00000000d6f00000,0x00000000d6f00000,0x00000000d6f80000)
 ParOldGen       total 68608K, used 38800K [0x0000000080000000, 0x0000000084300000, 0x00000000d5580000)
  object space 68608K, 56% used [0x0000000080000000,0x00000000825e4208,0x0000000084300000)
 Metaspace       used 61077K, committed 62528K, reserved 1114112K
  class space    used 7795K, committed 8448K, reserved 1048576K
}
Event: 10.126 GC heap before
{Heap before GC invocations=43 (full 3):
 PSYoungGen      total 22528K, used 22512K [0x00000000d5580000, 0x00000000d6f80000, 0x0000000100000000)
  eden space 22016K, 100% used [0x00000000d5580000,0x00000000d6b00000,0x00000000d6b00000)
  from space 512K, 96% used [0x00000000d6e80000,0x00000000d6efc020,0x00000000d6f00000)
  to   space 512K, 0% used [0x00000000d6f00000,0x00000000d6f00000,0x00000000d6f80000)
 ParOldGen       total 68608K, used 38800K [0x0000000080000000, 0x0000000084300000, 0x00000000d5580000)
  object space 68608K, 56% used [0x0000000080000000,0x00000000825e4208,0x0000000084300000)
 Metaspace       used 62179K, committed 63680K, reserved 1114112K
  class space    used 7930K, committed 8640K, reserved 1048576K
}
Event: 10.128 GC heap after
{Heap after GC invocations=43 (full 3):
 PSYoungGen      total 22528K, used 512K [0x00000000d5580000, 0x00000000d6f80000, 0x0000000100000000)
  eden space 22016K, 0% used [0x00000000d5580000,0x00000000d5580000,0x00000000d6b00000)
  from space 512K, 100% used [0x00000000d6f00000,0x00000000d6f80000,0x00000000d6f80000)
  to   space 2048K, 0% used [0x00000000d6b80000,0x00000000d6b80000,0x00000000d6d80000)
 ParOldGen       total 68608K, used 39784K [0x0000000080000000, 0x0000000084300000, 0x00000000d5580000)
  object space 68608K, 57% used [0x0000000080000000,0x00000000826da238,0x0000000084300000)
 Metaspace       used 62179K, committed 63680K, reserved 1114112K
  class space    used 7930K, committed 8640K, reserved 1048576K
}
Event: 10.753 GC heap before
{Heap before GC invocations=44 (full 3):
 PSYoungGen      total 22528K, used 22528K [0x00000000d5580000, 0x00000000d6f80000, 0x0000000100000000)
  eden space 22016K, 100% used [0x00000000d5580000,0x00000000d6b00000,0x00000000d6b00000)
  from space 512K, 100% used [0x00000000d6f00000,0x00000000d6f80000,0x00000000d6f80000)
  to   space 2048K, 0% used [0x00000000d6b80000,0x00000000d6b80000,0x00000000d6d80000)
 ParOldGen       total 68608K, used 39784K [0x0000000080000000, 0x0000000084300000, 0x00000000d5580000)
  object space 68608K, 57% used [0x0000000080000000,0x00000000826da238,0x0000000084300000)
 Metaspace       used 62735K, committed 64128K, reserved 1114112K
  class space    used 7984K, committed 8640K, reserved 1048576K
}
Event: 10.755 GC heap after
{Heap after GC invocations=44 (full 3):
 PSYoungGen      total 24064K, used 576K [0x00000000d5580000, 0x00000000d6f80000, 0x0000000100000000)
  eden space 22016K, 0% used [0x00000000d5580000,0x00000000d5580000,0x00000000d6b00000)
  from space 2048K, 28% used [0x00000000d6b80000,0x00000000d6c10010,0x00000000d6d80000)
  to   space 1024K, 0% used [0x00000000d6e80000,0x00000000d6e80000,0x00000000d6f80000)
 ParOldGen       total 68608K, used 40318K [0x0000000080000000, 0x0000000084300000, 0x00000000d5580000)
  object space 68608K, 58% used [0x0000000080000000,0x000000008275f978,0x0000000084300000)
 Metaspace       used 62735K, committed 64128K, reserved 1114112K
  class space    used 7984K, committed 8640K, reserved 1048576K
}
Event: 12.191 GC heap before
{Heap before GC invocations=45 (full 3):
 PSYoungGen      total 24064K, used 22592K [0x00000000d5580000, 0x00000000d6f80000, 0x0000000100000000)
  eden space 22016K, 100% used [0x00000000d5580000,0x00000000d6b00000,0x00000000d6b00000)
  from space 2048K, 28% used [0x00000000d6b80000,0x00000000d6c10010,0x00000000d6d80000)
  to   space 1024K, 0% used [0x00000000d6e80000,0x00000000d6e80000,0x00000000d6f80000)
 ParOldGen       total 68608K, used 40318K [0x0000000080000000, 0x0000000084300000, 0x00000000d5580000)
  object space 68608K, 58% used [0x0000000080000000,0x000000008275f978,0x0000000084300000)
 Metaspace       used 62975K, committed 64448K, reserved 1114112K
  class space    used 7999K, committed 8704K, reserved 1048576K
}
Event: 12.192 GC heap after
{Heap after GC invocations=45 (full 3):
 PSYoungGen      total 22528K, used 432K [0x00000000d5580000, 0x00000000d6f00000, 0x0000000100000000)
  eden space 22016K, 0% used [0x00000000d5580000,0x00000000d5580000,0x00000000d6b00000)
  from space 512K, 84% used [0x00000000d6e80000,0x00000000d6eec020,0x00000000d6f00000)
  to   space 1024K, 0% used [0x00000000d6d00000,0x00000000d6d00000,0x00000000d6e00000)
 ParOldGen       total 68608K, used 40638K [0x0000000080000000, 0x0000000084300000, 0x00000000d5580000)
  object space 68608K, 59% used [0x0000000080000000,0x00000000827af9a8,0x0000000084300000)
 Metaspace       used 62975K, committed 64448K, reserved 1114112K
  class space    used 7999K, committed 8704K, reserved 1048576K
}
Event: 55.017 GC heap before
{Heap before GC invocations=46 (full 3):
 PSYoungGen      total 22528K, used 22448K [0x00000000d5580000, 0x00000000d6f00000, 0x0000000100000000)
  eden space 22016K, 100% used [0x00000000d5580000,0x00000000d6b00000,0x00000000d6b00000)
  from space 512K, 84% used [0x00000000d6e80000,0x00000000d6eec020,0x00000000d6f00000)
  to   space 1024K, 0% used [0x00000000d6d00000,0x00000000d6d00000,0x00000000d6e00000)
 ParOldGen       total 68608K, used 40638K [0x0000000080000000, 0x0000000084300000, 0x00000000d5580000)
  object space 68608K, 59% used [0x0000000080000000,0x00000000827af9a8,0x0000000084300000)
 Metaspace       used 64645K, committed 66240K, reserved 1114112K
  class space    used 8189K, committed 8896K, reserved 1048576K
}
Event: 55.018 GC heap after
{Heap after GC invocations=46 (full 3):
 PSYoungGen      total 23040K, used 1016K [0x00000000d5580000, 0x00000000d6f00000, 0x0000000100000000)
  eden space 22016K, 0% used [0x00000000d5580000,0x00000000d5580000,0x00000000d6b00000)
  from space 1024K, 99% used [0x00000000d6d00000,0x00000000d6dfe1a8,0x00000000d6e00000)
  to   space 1024K, 0% used [0x00000000d6e00000,0x00000000d6e00000,0x00000000d6f00000)
 ParOldGen       total 68608K, used 40922K [0x0000000080000000, 0x0000000084300000, 0x00000000d5580000)
  object space 68608K, 59% used [0x0000000080000000,0x00000000827f6be0,0x0000000084300000)
 Metaspace       used 64645K, committed 66240K, reserved 1114112K
  class space    used 8189K, committed 8896K, reserved 1048576K
}

